[2016-06-30 18:06:53] INFO  WEBrick 1.3.1
[2016-06-30 18:06:53] INFO  ruby 2.3.0 (2015-12-25) [x86_64-darwin15]
[2016-06-30 18:06:53] INFO  WEBrick::HTTPServer#start: pid=7110 port=3000
encoding error : input conversion failed due to input error, bytes 0xB3 0x3C 0x2F 0x74
encoding error : input conversion failed due to input error, bytes 0xB3 0x3C 0x2F 0x74
encoding error : input conversion failed due to input error, bytes 0xB3 0x3C 0x2F 0x74
=> Booting WEBrick
=> Rails 4.2.5.1 application starting in development on http://localhost:3000
=> Run `rails server -h` for more startup options
=> Ctrl-C to shutdown server


Started GET "/diets" for 127.0.0.1 at 2016-06-30 18:10:02 +0900
  [1m[36mActiveRecord::SchemaMigration Load (0.3ms)[0m  [1mSELECT `schema_migrations`.* FROM `schema_migrations`[0m
Processing by DietsController#index as */*
nothing
  [1m[35m (0.2ms)[0m  BEGIN
  [1m[36mDiet Exists (0.3ms)[0m  [1mSELECT  1 AS one FROM `diets` WHERE (`diets`.`univ_id` = BINARY 1 AND `diets`.`name` = 'í•™ìƒì‹ë‹¹' AND `diets`.`date` = '2016-06-27' AND `diets`.`time` = 'lunch' AND `diets`.`diet` = '{\"name\":\"Â í–„ë¶€ëŒ€ì°Œê°œ&ë‹¹ë©´ì‚¬ë¦¬, ì‚¼ìƒ‰ê²¨ìì±„, ë‹¬ì½¤ë–¡ê°•ì •, ê¹ë‘ê¸°\",\"price\":\"3000\"}') LIMIT 1[0m
  [1m[35mSQL (0.3ms)[0m  INSERT INTO `diets` (`univ_id`, `name`, `location`, `date`, `time`, `diet`, `extra`) VALUES (1, 'í•™ìƒì‹ë‹¹', 'ë³µì§€ê´€2ì¸µ', '2016-06-27', 'lunch', '{\"name\":\"Â í–„ë¶€ëŒ€ì°Œê°œ&ë‹¹ë©´ì‚¬ë¦¬, ì‚¼ìƒ‰ê²¨ìì±„, ë‹¬ì½¤ë–¡ê°•ì •, ê¹ë‘ê¸°\",\"price\":\"3000\"}', '')
  [1m[36m (1.0ms)[0m  [1mCOMMIT[0m
nothing
  [1m[35m (0.1ms)[0m  BEGIN
  [1m[36mDiet Exists (0.4ms)[0m  [1mSELECT  1 AS one FROM `diets` WHERE (`diets`.`univ_id` = BINARY 1 AND `diets`.`name` = 'í•™ìƒì‹ë‹¹' AND `diets`.`date` = '2016-06-28' AND `diets`.`time` = 'lunch' AND `diets`.`diet` = '{\"name\":\"Â ì†Œê³ ê¸°ì—´ë¬´ë¹„ë¹”ë°¥&í›„ë¼ì´, ê°ììˆ˜ì œë¹„êµ­, ì–´ë¬µì¡ì±„, ìš”êµ¬ë¥´íŠ¸, ê¹ë‘ê¸°\",\"price\":\"3000\"}') LIMIT 1[0m
  [1m[35mSQL (0.2ms)[0m  INSERT INTO `diets` (`univ_id`, `name`, `location`, `date`, `time`, `diet`, `extra`) VALUES (1, 'í•™ìƒì‹ë‹¹', 'ë³µì§€ê´€2ì¸µ', '2016-06-28', 'lunch', '{\"name\":\"Â ì†Œê³ ê¸°ì—´ë¬´ë¹„ë¹”ë°¥&í›„ë¼ì´, ê°ììˆ˜ì œë¹„êµ­, ì–´ë¬µì¡ì±„, ìš”êµ¬ë¥´íŠ¸, ê¹ë‘ê¸°\",\"price\":\"3000\"}', '')
  [1m[36m (0.4ms)[0m  [1mCOMMIT[0m
nothing
  [1m[35m (0.1ms)[0m  BEGIN
  [1m[36mDiet Exists (0.3ms)[0m  [1mSELECT  1 AS one FROM `diets` WHERE (`diets`.`univ_id` = BINARY 1 AND `diets`.`name` = 'í•™ìƒì‹ë‹¹' AND `diets`.`date` = '2016-06-29' AND `diets`.`time` = 'lunch' AND `diets`.`diet` = '{\"name\":\"Â ëƒ‰ëª¨ë°€ë©´&ì•¼ì±„ì£¼ë¨¹ë°¥, ì†Œì„¸ì§€ì•¼ì±„ë³¶ìŒ, í—ˆë‹ˆë²„í„°ê°ìíŠ€ê¹€, ë°°ì¶”ê¹€ì¹˜\",\"price\":\"3000\"}') LIMIT 1[0m
  [1m[35mSQL (0.2ms)[0m  INSERT INTO `diets` (`univ_id`, `name`, `location`, `date`, `time`, `diet`, `extra`) VALUES (1, 'í•™ìƒì‹ë‹¹', 'ë³µì§€ê´€2ì¸µ', '2016-06-29', 'lunch', '{\"name\":\"Â ëƒ‰ëª¨ë°€ë©´&ì•¼ì±„ì£¼ë¨¹ë°¥, ì†Œì„¸ì§€ì•¼ì±„ë³¶ìŒ, í—ˆë‹ˆë²„í„°ê°ìíŠ€ê¹€, ë°°ì¶”ê¹€ì¹˜\",\"price\":\"3000\"}', '')
  [1m[36m (0.3ms)[0m  [1mCOMMIT[0m
nothing
  [1m[35m (0.1ms)[0m  BEGIN
  [1m[36mDiet Exists (0.3ms)[0m  [1mSELECT  1 AS one FROM `diets` WHERE (`diets`.`univ_id` = BINARY 1 AND `diets`.`name` = 'í•™ìƒì‹ë‹¹' AND `diets`.`date` = '2016-06-30' AND `diets`.`time` = 'lunch' AND `diets`.`diet` = '{\"name\":\"Â ì¹˜í‚¨ì•¼ë¼ìš°ë™&ì¶”ê°€ë°¥, ë§¤ì½¤ìˆœë‘ë¶€êµ­, ê·¸ë¦°ìƒëŸ¬ë“œ, ê°ìí–„ë³¶ìŒ, ê¹ë‘ê¸°\",\"price\":\"3000\"}') LIMIT 1[0m
  [1m[35mSQL (0.2ms)[0m  INSERT INTO `diets` (`univ_id`, `name`, `location`, `date`, `time`, `diet`, `extra`) VALUES (1, 'í•™ìƒì‹ë‹¹', 'ë³µì§€ê´€2ì¸µ', '2016-06-30', 'lunch', '{\"name\":\"Â ì¹˜í‚¨ì•¼ë¼ìš°ë™&ì¶”ê°€ë°¥, ë§¤ì½¤ìˆœë‘ë¶€êµ­, ê·¸ë¦°ìƒëŸ¬ë“œ, ê°ìí–„ë³¶ìŒ, ê¹ë‘ê¸°\",\"price\":\"3000\"}', '')
  [1m[36m (0.3ms)[0m  [1mCOMMIT[0m
nothing
  [1m[35m (0.1ms)[0m  BEGIN
  [1m[36mDiet Exists (0.3ms)[0m  [1mSELECT  1 AS one FROM `diets` WHERE (`diets`.`univ_id` = BINARY 1 AND `diets`.`name` = 'í•™ìƒì‹ë‹¹' AND `diets`.`date` = '2016-07-01' AND `diets`.`time` = 'lunch' AND `diets`.`diet` = '{\"name\":\"Â ì˜¤ë¯€ë¼ì´ìŠ¤&ë¹Œì†Œì„¸ì§€, ê³ ì¶”ì¥ì°Œê°œ, ë§¤ì½¤ì½©ë‚˜ë¬¼ì«„ë©´, êµ°ë§Œë‘, ë°°ì¶”ê¹€ì¹˜\",\"price\":\"3000\"}') LIMIT 1[0m
  [1m[35mSQL (0.2ms)[0m  INSERT INTO `diets` (`univ_id`, `name`, `location`, `date`, `time`, `diet`, `extra`) VALUES (1, 'í•™ìƒì‹ë‹¹', 'ë³µì§€ê´€2ì¸µ', '2016-07-01', 'lunch', '{\"name\":\"Â ì˜¤ë¯€ë¼ì´ìŠ¤&ë¹Œì†Œì„¸ì§€, ê³ ì¶”ì¥ì°Œê°œ, ë§¤ì½¤ì½©ë‚˜ë¬¼ì«„ë©´, êµ°ë§Œë‘, ë°°ì¶”ê¹€ì¹˜\",\"price\":\"3000\"}', '')
  [1m[36m (0.3ms)[0m  [1mCOMMIT[0m
error
error
error
error
error
error
error
error
error
error
error
error
error
error
error
error
error
error
error
error
error
error
error
error
error
error
error
  [1m[35m (0.2ms)[0m  BEGIN
  [1m[36mDiet Exists (0.4ms)[0m  [1mSELECT  1 AS one FROM `diets` WHERE (`diets`.`univ_id` = BINARY 1 AND `diets`.`name` = 'êµì§ì›ì‹ë‹¹' AND `diets`.`date` = '2016-06-27' AND `diets`.`time` = 'lunch' AND `diets`.`diet` = '{\"name\":\"Â ì†Œê³ ê¸°ë¯¸ì—­êµ­/ ë²„ì„¯ë‘ë¶€ì¡°ë¦¼/ ê³„ë€í›„ë¼ì´/ ì‹ ê¹€ì¹˜ë³¶ìŒ/ ê¹ë‘ê¸°\",\"price\":\"4000\"}') LIMIT 1[0m
  [1m[35mSQL (0.4ms)[0m  INSERT INTO `diets` (`univ_id`, `name`, `location`, `date`, `time`, `diet`, `extra`) VALUES (1, 'êµì§ì›ì‹ë‹¹', 'ë³µì§€ê´€3ì¸µ', '2016-06-27', 'lunch', '{\"name\":\"Â ì†Œê³ ê¸°ë¯¸ì—­êµ­/ ë²„ì„¯ë‘ë¶€ì¡°ë¦¼/ ê³„ë€í›„ë¼ì´/ ì‹ ê¹€ì¹˜ë³¶ìŒ/ ê¹ë‘ê¸°\",\"price\":\"4000\"}', '')
  [1m[36m (0.3ms)[0m  [1mCOMMIT[0m
  [1m[35m (0.2ms)[0m  BEGIN
  [1m[36mDiet Exists (1.0ms)[0m  [1mSELECT  1 AS one FROM `diets` WHERE (`diets`.`univ_id` = BINARY 1 AND `diets`.`name` = 'êµì§ì›ì‹ë‹¹' AND `diets`.`date` = '2016-06-27' AND `diets`.`time` = 'lunch' AND `diets`.`diet` = '{\"name\":\"Â ì¹˜í‚¨ê¹ŒìŠ¤&ì˜¤ë¯€ë¼ì´ìŠ¤/ í¬ë¦¼ìŠ¤í”„/ ìƒëŸ¬ë“œ&ë”¸ê¸°ë“œë ˆì‹±/ ì˜¤ì´í”¼í´/ ë‹¨ë¬´ì§€/ ë°°ì¶”ê¹€ì¹˜\",\"price\":\"4000\"}') LIMIT 1[0m
  [1m[35mSQL (0.2ms)[0m  INSERT INTO `diets` (`univ_id`, `name`, `location`, `date`, `time`, `diet`, `extra`) VALUES (1, 'êµì§ì›ì‹ë‹¹', 'ë³µì§€ê´€3ì¸µ', '2016-06-27', 'lunch', '{\"name\":\"Â ì¹˜í‚¨ê¹ŒìŠ¤&ì˜¤ë¯€ë¼ì´ìŠ¤/ í¬ë¦¼ìŠ¤í”„/ ìƒëŸ¬ë“œ&ë”¸ê¸°ë“œë ˆì‹±/ ì˜¤ì´í”¼í´/ ë‹¨ë¬´ì§€/ ë°°ì¶”ê¹€ì¹˜\",\"price\":\"4000\"}', '')
  [1m[36m (0.4ms)[0m  [1mCOMMIT[0m
error
  [1m[35m (0.1ms)[0m  BEGIN
  [1m[36mDiet Exists (0.3ms)[0m  [1mSELECT  1 AS one FROM `diets` WHERE (`diets`.`univ_id` = BINARY 1 AND `diets`.`name` = 'êµì§ì›ì‹ë‹¹' AND `diets`.`date` = '2016-06-27' AND `diets`.`time` = 'dinner' AND `diets`.`diet` = '{\"name\":\"Â ë¶€ëŒ€ì°Œê°œ/ ê¹€ì¹˜ë¹„ë¹”êµ­ìˆ˜/ ê°ìì±„ë³¶ìŒ/ ìˆ™ì£¼ê¹€ê°€ë£¨ë¬´ì¹¨/ ê¹ë‘ê¸°\",\"price\":\"4000\"}') LIMIT 1[0m
  [1m[35mSQL (0.2ms)[0m  INSERT INTO `diets` (`univ_id`, `name`, `location`, `date`, `time`, `diet`, `extra`) VALUES (1, 'êµì§ì›ì‹ë‹¹', 'ë³µì§€ê´€3ì¸µ', '2016-06-27', 'dinner', '{\"name\":\"Â ë¶€ëŒ€ì°Œê°œ/ ê¹€ì¹˜ë¹„ë¹”êµ­ìˆ˜/ ê°ìì±„ë³¶ìŒ/ ìˆ™ì£¼ê¹€ê°€ë£¨ë¬´ì¹¨/ ê¹ë‘ê¸°\",\"price\":\"4000\"}', '')
  [1m[36m (0.3ms)[0m  [1mCOMMIT[0m
error
error
  [1m[35m (0.2ms)[0m  BEGIN
  [1m[36mDiet Exists (0.3ms)[0m  [1mSELECT  1 AS one FROM `diets` WHERE (`diets`.`univ_id` = BINARY 1 AND `diets`.`name` = 'êµì§ì›ì‹ë‹¹' AND `diets`.`date` = '2016-06-28' AND `diets`.`time` = 'lunch' AND `diets`.`diet` = '{\"name\":\"Â ë¿Œë¦¬ì±„ì†Œì˜ì–‘ë°¥&ì–‘ë…ì¥/ ë¯¸ì—­ì˜¤ì´ëƒ‰êµ­/ í•œì‹ì¡ì±„/ ì˜¤ì§•ì–´ì‹¤ì±„/ ìƒˆì½¤ë¬´ìƒì±„/ ë°°ì¶”ê¹€ì¹˜\",\"price\":\"4000\"}') LIMIT 1[0m
  [1m[35mSQL (0.3ms)[0m  INSERT INTO `diets` (`univ_id`, `name`, `location`, `date`, `time`, `diet`, `extra`) VALUES (1, 'êµì§ì›ì‹ë‹¹', 'ë³µì§€ê´€3ì¸µ', '2016-06-28', 'lunch', '{\"name\":\"Â ë¿Œë¦¬ì±„ì†Œì˜ì–‘ë°¥&ì–‘ë…ì¥/ ë¯¸ì—­ì˜¤ì´ëƒ‰êµ­/ í•œì‹ì¡ì±„/ ì˜¤ì§•ì–´ì‹¤ì±„/ ìƒˆì½¤ë¬´ìƒì±„/ ë°°ì¶”ê¹€ì¹˜\",\"price\":\"4000\"}', '')
  [1m[36m (0.3ms)[0m  [1mCOMMIT[0m
  [1m[35m (0.1ms)[0m  BEGIN
  [1m[36mDiet Exists (0.3ms)[0m  [1mSELECT  1 AS one FROM `diets` WHERE (`diets`.`univ_id` = BINARY 1 AND `diets`.`name` = 'êµì§ì›ì‹ë‹¹' AND `diets`.`date` = '2016-06-28' AND `diets`.`time` = 'lunch' AND `diets`.`diet` = '{\"name\":\"Â ì œìœ¡ë®ë°¥/ ë¯¸ì†Œêµ­/ ìƒëŸ¬ë“œ&í¬ë„ë“œë ˆì‹±/ ë‹¨ë¬´ì§€/ ë°°ì¶”ê¹€ì¹˜\",\"price\":\"4000\"}') LIMIT 1[0m
  [1m[35mSQL (0.2ms)[0m  INSERT INTO `diets` (`univ_id`, `name`, `location`, `date`, `time`, `diet`, `extra`) VALUES (1, 'êµì§ì›ì‹ë‹¹', 'ë³µì§€ê´€3ì¸µ', '2016-06-28', 'lunch', '{\"name\":\"Â ì œìœ¡ë®ë°¥/ ë¯¸ì†Œêµ­/ ìƒëŸ¬ë“œ&í¬ë„ë“œë ˆì‹±/ ë‹¨ë¬´ì§€/ ë°°ì¶”ê¹€ì¹˜\",\"price\":\"4000\"}', '')
  [1m[36m (0.3ms)[0m  [1mCOMMIT[0m
encoding error : input conversion failed due to input error, bytes 0xB3 0x3C 0x2F 0x74
error
  [1m[35m (0.1ms)[0m  BEGIN
  [1m[36mDiet Exists (0.3ms)[0m  [1mSELECT  1 AS one FROM `diets` WHERE (`diets`.`univ_id` = BINARY 1 AND `diets`.`name` = 'êµì§ì›ì‹ë‹¹' AND `diets`.`date` = '2016-06-28' AND `diets`.`time` = 'dinner' AND `diets`.`diet` = '{\"name\":\"Â ëœì¥êµ­/ ì˜¤ì‚¼ë¶ˆê³ ê¸°ë³¶ìŒ/ ì–‘ë°°ì¶”ìŒˆ&ìŒˆì¥/ ì½©ë‚˜ë¬¼íŒŒì±„ë¬´ì¹¨/ ê¹ë‘ê¸°&ë°°ì¶”ê¹€ì¹˜\",\"price\":\"4000\"}') LIMIT 1[0m
  [1m[35mSQL (0.3ms)[0m  INSERT INTO `diets` (`univ_id`, `name`, `location`, `date`, `time`, `diet`, `extra`) VALUES (1, 'êµì§ì›ì‹ë‹¹', 'ë³µì§€ê´€3ì¸µ', '2016-06-28', 'dinner', '{\"name\":\"Â ëœì¥êµ­/ ì˜¤ì‚¼ë¶ˆê³ ê¸°ë³¶ìŒ/ ì–‘ë°°ì¶”ìŒˆ&ìŒˆì¥/ ì½©ë‚˜ë¬¼íŒŒì±„ë¬´ì¹¨/ ê¹ë‘ê¸°&ë°°ì¶”ê¹€ì¹˜\",\"price\":\"4000\"}', '')
  [1m[36m (0.4ms)[0m  [1mCOMMIT[0m
error
error
  [1m[35m (0.1ms)[0m  BEGIN
  [1m[36mDiet Exists (0.4ms)[0m  [1mSELECT  1 AS one FROM `diets` WHERE (`diets`.`univ_id` = BINARY 1 AND `diets`.`name` = 'êµì§ì›ì‹ë‹¹' AND `diets`.`date` = '2016-06-29' AND `diets`.`time` = 'lunch' AND `diets`.`diet` = '{\"name\":\"Â ì½©ë‚˜ë¬¼ë°°ì¶”ëœì¥êµ­/ ê°€ìë¯¸ì–‘ë…êµ¬ì´/ ë¯¸ì—­ì¤„ê¸°ëª¨ë“¬ë²„ì„¯ë³¶ìŒ/ ë¶€ì¶”ê²‰ì ˆì´/ ë°°ì¶”ê¹€ì¹˜\",\"price\":\"4000\"}') LIMIT 1[0m
  [1m[35mSQL (0.2ms)[0m  INSERT INTO `diets` (`univ_id`, `name`, `location`, `date`, `time`, `diet`, `extra`) VALUES (1, 'êµì§ì›ì‹ë‹¹', 'ë³µì§€ê´€3ì¸µ', '2016-06-29', 'lunch', '{\"name\":\"Â ì½©ë‚˜ë¬¼ë°°ì¶”ëœì¥êµ­/ ê°€ìë¯¸ì–‘ë…êµ¬ì´/ ë¯¸ì—­ì¤„ê¸°ëª¨ë“¬ë²„ì„¯ë³¶ìŒ/ ë¶€ì¶”ê²‰ì ˆì´/ ë°°ì¶”ê¹€ì¹˜\",\"price\":\"4000\"}', '')
  [1m[36m (0.3ms)[0m  [1mCOMMIT[0m
  [1m[35m (0.1ms)[0m  BEGIN
  [1m[36mDiet Exists (0.3ms)[0m  [1mSELECT  1 AS one FROM `diets` WHERE (`diets`.`univ_id` = BINARY 1 AND `diets`.`name` = 'êµì§ì›ì‹ë‹¹' AND `diets`.`date` = '2016-06-29' AND `diets`.`time` = 'lunch' AND `diets`.`diet` = '{\"name\":\"Â ì¤‘êµ­ì‹ë³¶ìŒë°¥&ì§œì¥ì†ŒìŠ¤/ ê³„ë€íŒŒêµ­/ ë¹„ë¹”ì•¼ì±„ë§Œë‘/ ë‹¨ë¬´ì§€/ ë°°ì¶”ê¹€ì¹˜\",\"price\":\"4000\"}') LIMIT 1[0m
  [1m[35mSQL (0.2ms)[0m  INSERT INTO `diets` (`univ_id`, `name`, `location`, `date`, `time`, `diet`, `extra`) VALUES (1, 'êµì§ì›ì‹ë‹¹', 'ë³µì§€ê´€3ì¸µ', '2016-06-29', 'lunch', '{\"name\":\"Â ì¤‘êµ­ì‹ë³¶ìŒë°¥&ì§œì¥ì†ŒìŠ¤/ ê³„ë€íŒŒêµ­/ ë¹„ë¹”ì•¼ì±„ë§Œë‘/ ë‹¨ë¬´ì§€/ ë°°ì¶”ê¹€ì¹˜\",\"price\":\"4000\"}', '')
  [1m[36m (0.3ms)[0m  [1mCOMMIT[0m
error
  [1m[35m (0.2ms)[0m  BEGIN
  [1m[36mDiet Exists (0.3ms)[0m  [1mSELECT  1 AS one FROM `diets` WHERE (`diets`.`univ_id` = BINARY 1 AND `diets`.`name` = 'êµì§ì›ì‹ë‹¹' AND `diets`.`date` = '2016-06-29' AND `diets`.`time` = 'dinner' AND `diets`.`diet` = '{\"name\":\"Â ì†Œë¶ˆê³ ê¸°ë¹„ë¹”ë°¥&ê³ ì¶”ì¥/ ë°°ì¶”ëœì¥êµ­/ ì°¸ì¹˜ë¶€ì¶”ì „&ê°„ì¥/ ê¹ë‘ê¸°/ ë°°ì¶”ê¹€ì¹˜\",\"price\":\"4000\"}') LIMIT 1[0m
  [1m[35mSQL (0.2ms)[0m  INSERT INTO `diets` (`univ_id`, `name`, `location`, `date`, `time`, `diet`, `extra`) VALUES (1, 'êµì§ì›ì‹ë‹¹', 'ë³µì§€ê´€3ì¸µ', '2016-06-29', 'dinner', '{\"name\":\"Â ì†Œë¶ˆê³ ê¸°ë¹„ë¹”ë°¥&ê³ ì¶”ì¥/ ë°°ì¶”ëœì¥êµ­/ ì°¸ì¹˜ë¶€ì¶”ì „&ê°„ì¥/ ê¹ë‘ê¸°/ ë°°ì¶”ê¹€ì¹˜\",\"price\":\"4000\"}', '')
  [1m[36m (0.4ms)[0m  [1mCOMMIT[0m
error
error
  [1m[35m (0.1ms)[0m  BEGIN
  [1m[36mDiet Exists (0.3ms)[0m  [1mSELECT  1 AS one FROM `diets` WHERE (`diets`.`univ_id` = BINARY 1 AND `diets`.`name` = 'êµì§ì›ì‹ë‹¹' AND `diets`.`date` = '2016-06-30' AND `diets`.`time` = 'lunch' AND `diets`.`diet` = '{\"name\":\"Â ìœ¡ê°œì¥&ë¼ë©´ì‚¬ë¦¬/ ë°ë¦¬ì•¼ë¼ì–´ë¬µë³¶ìŒ/ ì¡°ë¯¸ê¹€êµ¬ì´/ ë½êµ&ë§ˆëŠ˜ì«‘ì¥ì•„ì°Œ/ ë°°ì¶”ê¹€ì¹˜\",\"price\":\"4000\"}') LIMIT 1[0m
  [1m[35mSQL (0.2ms)[0m  INSERT INTO `diets` (`univ_id`, `name`, `location`, `date`, `time`, `diet`, `extra`) VALUES (1, 'êµì§ì›ì‹ë‹¹', 'ë³µì§€ê´€3ì¸µ', '2016-06-30', 'lunch', '{\"name\":\"Â ìœ¡ê°œì¥&ë¼ë©´ì‚¬ë¦¬/ ë°ë¦¬ì•¼ë¼ì–´ë¬µë³¶ìŒ/ ì¡°ë¯¸ê¹€êµ¬ì´/ ë½êµ&ë§ˆëŠ˜ì«‘ì¥ì•„ì°Œ/ ë°°ì¶”ê¹€ì¹˜\",\"price\":\"4000\"}', '')
  [1m[36m (0.5ms)[0m  [1mCOMMIT[0m
  [1m[35m (0.1ms)[0m  BEGIN
  [1m[36mDiet Exists (0.3ms)[0m  [1mSELECT  1 AS one FROM `diets` WHERE (`diets`.`univ_id` = BINARY 1 AND `diets`.`name` = 'êµì§ì›ì‹ë‹¹' AND `diets`.`date` = '2016-06-30' AND `diets`.`time` = 'lunch' AND `diets`.`diet` = '{\"name\":\"Â ì–¼í°ë²„ì„¯ë®ë°¥/ ë‘ë¶€ëœì¥êµ­/ í•«ë„ê·¸&ì¼€ì°¹/ ìƒëŸ¬ë“œ&í¬ë„ë“œë ˆì‹±/ ë‹¨ë¬´ì§€/ ë°°ì¶”ê¹€ì¹˜\",\"price\":\"4000\"}') LIMIT 1[0m
  [1m[35mSQL (0.2ms)[0m  INSERT INTO `diets` (`univ_id`, `name`, `location`, `date`, `time`, `diet`, `extra`) VALUES (1, 'êµì§ì›ì‹ë‹¹', 'ë³µì§€ê´€3ì¸µ', '2016-06-30', 'lunch', '{\"name\":\"Â ì–¼í°ë²„ì„¯ë®ë°¥/ ë‘ë¶€ëœì¥êµ­/ í•«ë„ê·¸&ì¼€ì°¹/ ìƒëŸ¬ë“œ&í¬ë„ë“œë ˆì‹±/ ë‹¨ë¬´ì§€/ ë°°ì¶”ê¹€ì¹˜\",\"price\":\"4000\"}', '')
  [1m[36m (0.3ms)[0m  [1mCOMMIT[0m
error
  [1m[35m (0.3ms)[0m  BEGIN
  [1m[36mDiet Exists (0.3ms)[0m  [1mSELECT  1 AS one FROM `diets` WHERE (`diets`.`univ_id` = BINARY 1 AND `diets`.`name` = 'êµì§ì›ì‹ë‹¹' AND `diets`.`date` = '2016-06-30' AND `diets`.`time` = 'dinner' AND `diets`.`diet` = '{\"name\":\"Â ë‹­ê°ìì¡°ë¦¼/ ë¯¸ì—­êµ­/ ë©¸ì¹˜í’‹ê³ ì¶”ë³¶ìŒ/ ìƒëŸ¬ë“œ&ë¸”ë£¨ë² ë¦¬ë“œë ˆì‹±/ ê¹ë‘ê¸°&ë°°ì¶”ê¹€ì¹˜\",\"price\":\"4000\"}') LIMIT 1[0m
  [1m[35mSQL (0.2ms)[0m  INSERT INTO `diets` (`univ_id`, `name`, `location`, `date`, `time`, `diet`, `extra`) VALUES (1, 'êµì§ì›ì‹ë‹¹', 'ë³µì§€ê´€3ì¸µ', '2016-06-30', 'dinner', '{\"name\":\"Â ë‹­ê°ìì¡°ë¦¼/ ë¯¸ì—­êµ­/ ë©¸ì¹˜í’‹ê³ ì¶”ë³¶ìŒ/ ìƒëŸ¬ë“œ&ë¸”ë£¨ë² ë¦¬ë“œë ˆì‹±/ ê¹ë‘ê¸°&ë°°ì¶”ê¹€ì¹˜\",\"price\":\"4000\"}', '')
  [1m[36m (0.3ms)[0m  [1mCOMMIT[0m
error
error
  [1m[35m (0.1ms)[0m  BEGIN
  [1m[36mDiet Exists (0.3ms)[0m  [1mSELECT  1 AS one FROM `diets` WHERE (`diets`.`univ_id` = BINARY 1 AND `diets`.`name` = 'êµì§ì›ì‹ë‹¹' AND `diets`.`date` = '2016-07-01' AND `diets`.`time` = 'lunch' AND `diets`.`diet` = '{\"name\":\"Â í°ê·¸ë¦‡ëˆë“±ë¼ˆìš°ê±°ì§€íƒ•/ ì•¼ì±„ê³„ë€ì°œ/ ì˜¤ì§•ì–´ì “ë¬´ì¹¨/ ê¹ë‘ê¸°&ë°°ì¶”ê¹€ì¹˜\",\"price\":\"4000\"}') LIMIT 1[0m
  [1m[35mSQL (0.2ms)[0m  INSERT INTO `diets` (`univ_id`, `name`, `location`, `date`, `time`, `diet`, `extra`) VALUES (1, 'êµì§ì›ì‹ë‹¹', 'ë³µì§€ê´€3ì¸µ', '2016-07-01', 'lunch', '{\"name\":\"Â í°ê·¸ë¦‡ëˆë“±ë¼ˆìš°ê±°ì§€íƒ•/ ì•¼ì±„ê³„ë€ì°œ/ ì˜¤ì§•ì–´ì “ë¬´ì¹¨/ ê¹ë‘ê¸°&ë°°ì¶”ê¹€ì¹˜\",\"price\":\"4000\"}', '')
  [1m[36m (0.3ms)[0m  [1mCOMMIT[0m
  [1m[35m (0.1ms)[0m  BEGIN
  [1m[36mDiet Exists (0.5ms)[0m  [1mSELECT  1 AS one FROM `diets` WHERE (`diets`.`univ_id` = BINARY 1 AND `diets`.`name` = 'êµì§ì›ì‹ë‹¹' AND `diets`.`date` = '2016-07-01' AND `diets`.`time` = 'lunch' AND `diets`.`diet` = '{\"name\":\"Â ìƒˆìš°ë³¶ìŒë°¥&í›„ë¼ì´/ ì½©ë‚˜ë¬¼ê¹€ì¹˜êµ­/ ëˆê¹ŒìŠ¤ë²”ë²…/ ìƒëŸ¬ë“œ&í‚¤ìœ„ë“œë ˆì‹±/ ë‹¨ë¬´ì§€ë¬´ì¹¨/ ë°°ì¶”ê¹€ì¹˜\",\"price\":\"4000\"}') LIMIT 1[0m
  [1m[35mSQL (0.2ms)[0m  INSERT INTO `diets` (`univ_id`, `name`, `location`, `date`, `time`, `diet`, `extra`) VALUES (1, 'êµì§ì›ì‹ë‹¹', 'ë³µì§€ê´€3ì¸µ', '2016-07-01', 'lunch', '{\"name\":\"Â ìƒˆìš°ë³¶ìŒë°¥&í›„ë¼ì´/ ì½©ë‚˜ë¬¼ê¹€ì¹˜êµ­/ ëˆê¹ŒìŠ¤ë²”ë²…/ ìƒëŸ¬ë“œ&í‚¤ìœ„ë“œë ˆì‹±/ ë‹¨ë¬´ì§€ë¬´ì¹¨/ ë°°ì¶”ê¹€ì¹˜\",\"price\":\"4000\"}', '')
  [1m[36m (0.4ms)[0m  [1mCOMMIT[0m
  [1m[35m (0.2ms)[0m  BEGIN
  [1m[36mDiet Exists (0.3ms)[0m  [1mSELECT  1 AS one FROM `diets` WHERE (`diets`.`univ_id` = BINARY 1 AND `diets`.`name` = 'ì°½ì—…ë³´ìœ¡ì„¼í„°' AND `diets`.`date` = '2016-06-27' AND `diets`.`time` = 'lunch' AND `diets`.`diet` = '{\"name\":\"Â ê¸°ì¥ë°¥/ë°±ë¯¸ë°¥, ìœ¡ê°œì¥. ë§›ì‚´ì—ê·¸ìŠ¤í¬ë¨ë¸”, ë§Œë‘ê°•ì •, ëŒë‚˜ë¬¼, ë°°ì¶”ê¹€ì¹˜\",\"price\":\"4000\"}') LIMIT 1[0m
  [1m[35mSQL (0.2ms)[0m  INSERT INTO `diets` (`univ_id`, `name`, `location`, `date`, `time`, `diet`, `extra`) VALUES (1, 'ì°½ì—…ë³´ìœ¡ì„¼í„°', 'ì°½ì—…ë³´ìœ¡ì„¼í„° ì§€í•˜1ì¸µ', '2016-06-27', 'lunch', '{\"name\":\"Â ê¸°ì¥ë°¥/ë°±ë¯¸ë°¥, ìœ¡ê°œì¥. ë§›ì‚´ì—ê·¸ìŠ¤í¬ë¨ë¸”, ë§Œë‘ê°•ì •, ëŒë‚˜ë¬¼, ë°°ì¶”ê¹€ì¹˜\",\"price\":\"4000\"}', '')
  [1m[36m (1.2ms)[0m  [1mCOMMIT[0m
  [1m[35m (0.1ms)[0m  BEGIN
  [1m[36mDiet Exists (0.3ms)[0m  [1mSELECT  1 AS one FROM `diets` WHERE (`diets`.`univ_id` = BINARY 1 AND `diets`.`name` = 'ì°½ì—…ë³´ìœ¡ì„¼í„°' AND `diets`.`date` = '2016-06-27' AND `diets`.`time` = 'lunch' AND `diets`.`diet` = '{\"name\":\"Â ë“±ì‹¬ëˆê¹ŒìŠ¤/í›„ë¦¬ê°€ì¼€ì£¼ë¨¹ë°¥, ìœ ë¶€ì¥êµ­, ê³ êµ¬ë§ˆê³ ë¡œì¼€, ë¬´ë§ë­ì´ë¬´ì¹¨, ë°°ì¶”ê¹€ì¹˜\",\"price\":\"4000\"}') LIMIT 1[0m
  [1m[35mSQL (0.3ms)[0m  INSERT INTO `diets` (`univ_id`, `name`, `location`, `date`, `time`, `diet`, `extra`) VALUES (1, 'ì°½ì—…ë³´ìœ¡ì„¼í„°', 'ì°½ì—…ë³´ìœ¡ì„¼í„° ì§€í•˜1ì¸µ', '2016-06-27', 'lunch', '{\"name\":\"Â ë“±ì‹¬ëˆê¹ŒìŠ¤/í›„ë¦¬ê°€ì¼€ì£¼ë¨¹ë°¥, ìœ ë¶€ì¥êµ­, ê³ êµ¬ë§ˆê³ ë¡œì¼€, ë¬´ë§ë­ì´ë¬´ì¹¨, ë°°ì¶”ê¹€ì¹˜\",\"price\":\"4000\"}', '')
  [1m[36m (0.3ms)[0m  [1mCOMMIT[0m
  [1m[35m (0.1ms)[0m  BEGIN
  [1m[36mDiet Exists (0.3ms)[0m  [1mSELECT  1 AS one FROM `diets` WHERE (`diets`.`univ_id` = BINARY 1 AND `diets`.`name` = 'ì°½ì—…ë³´ìœ¡ì„¼í„°' AND `diets`.`date` = '2016-06-27' AND `diets`.`time` = 'dinner' AND `diets`.`diet` = '{\"name\":\"Â ì§í™”ìš°ë ëœì¥ì°Œê°œ, ê¸°ì¥ë°¥/ë°±ë¯¸ë°¥, í•¨ë°•ìŠ¤ì¼€ì´í¬ì¡°ë¦¼, ì—´ë¬´ê²‰ì ˆì´, ë°°ì¶”ê¹€ì¹˜\",\"price\":\"4000\"}') LIMIT 1[0m
  [1m[35mSQL (0.2ms)[0m  INSERT INTO `diets` (`univ_id`, `name`, `location`, `date`, `time`, `diet`, `extra`) VALUES (1, 'ì°½ì—…ë³´ìœ¡ì„¼í„°', 'ì°½ì—…ë³´ìœ¡ì„¼í„° ì§€í•˜1ì¸µ', '2016-06-27', 'dinner', '{\"name\":\"Â ì§í™”ìš°ë ëœì¥ì°Œê°œ, ê¸°ì¥ë°¥/ë°±ë¯¸ë°¥, í•¨ë°•ìŠ¤ì¼€ì´í¬ì¡°ë¦¼, ì—´ë¬´ê²‰ì ˆì´, ë°°ì¶”ê¹€ì¹˜\",\"price\":\"4000\"}', '')
  [1m[36m (0.3ms)[0m  [1mCOMMIT[0m
  [1m[35m (0.1ms)[0m  BEGIN
  [1m[36mDiet Exists (0.3ms)[0m  [1mSELECT  1 AS one FROM `diets` WHERE (`diets`.`univ_id` = BINARY 1 AND `diets`.`name` = 'ì°½ì—…ë³´ìœ¡ì„¼í„°' AND `diets`.`date` = '2016-06-27' AND `diets`.`time` = 'dinner' AND `diets`.`diet` = '{\"name\":\"Â ë“±ì‹¬ëˆê¹ŒìŠ¤/ì¶”ê°€ë°¥, ì˜¥ìˆ˜ìˆ˜ìŠ¤í”„, ë§¤ìš´ë–¡ë³¶ì´, ì˜¤ì´ì§€ë¬´ì¹¨, ë°°ì¶”ê¹€ì¹˜\",\"price\":\"4000\"}') LIMIT 1[0m
  [1m[35mSQL (0.2ms)[0m  INSERT INTO `diets` (`univ_id`, `name`, `location`, `date`, `time`, `diet`, `extra`) VALUES (1, 'ì°½ì—…ë³´ìœ¡ì„¼í„°', 'ì°½ì—…ë³´ìœ¡ì„¼í„° ì§€í•˜1ì¸µ', '2016-06-27', 'dinner', '{\"name\":\"Â ë“±ì‹¬ëˆê¹ŒìŠ¤/ì¶”ê°€ë°¥, ì˜¥ìˆ˜ìˆ˜ìŠ¤í”„, ë§¤ìš´ë–¡ë³¶ì´, ì˜¤ì´ì§€ë¬´ì¹¨, ë°°ì¶”ê¹€ì¹˜\",\"price\":\"4000\"}', '')
  [1m[36m (0.3ms)[0m  [1mCOMMIT[0m
  [1m[35m (0.1ms)[0m  BEGIN
  [1m[36mDiet Exists (0.3ms)[0m  [1mSELECT  1 AS one FROM `diets` WHERE (`diets`.`univ_id` = BINARY 1 AND `diets`.`name` = 'ì°½ì—…ë³´ìœ¡ì„¼í„°' AND `diets`.`date` = '2016-06-28' AND `diets`.`time` = 'lunch' AND `diets`.`diet` = '{\"name\":\"Â í˜„ë¯¸ë°¥/ë°±ë¯¸ë°¥, ì–¼í°ì½©ë‚˜ë¬¼êµ­, ëˆìœ¡ê°„ì¥ë¶ˆê³ ê¸°, ì–´ë¬µê³ ì¶”ì¥ë³¶ìŒ, ì—´ë¬´ëœì¥ë‚˜ë¬¼, ë°°ì¶”ê¹€ì¹˜\",\"price\":\"4000\"}') LIMIT 1[0m
  [1m[35mSQL (0.2ms)[0m  INSERT INTO `diets` (`univ_id`, `name`, `location`, `date`, `time`, `diet`, `extra`) VALUES (1, 'ì°½ì—…ë³´ìœ¡ì„¼í„°', 'ì°½ì—…ë³´ìœ¡ì„¼í„° ì§€í•˜1ì¸µ', '2016-06-28', 'lunch', '{\"name\":\"Â í˜„ë¯¸ë°¥/ë°±ë¯¸ë°¥, ì–¼í°ì½©ë‚˜ë¬¼êµ­, ëˆìœ¡ê°„ì¥ë¶ˆê³ ê¸°, ì–´ë¬µê³ ì¶”ì¥ë³¶ìŒ, ì—´ë¬´ëœì¥ë‚˜ë¬¼, ë°°ì¶”ê¹€ì¹˜\",\"price\":\"4000\"}', '')
  [1m[36m (0.3ms)[0m  [1mCOMMIT[0m
  [1m[35m (0.1ms)[0m  BEGIN
  [1m[36mDiet Exists (0.3ms)[0m  [1mSELECT  1 AS one FROM `diets` WHERE (`diets`.`univ_id` = BINARY 1 AND `diets`.`name` = 'ì°½ì—…ë³´ìœ¡ì„¼í„°' AND `diets`.`date` = '2016-06-28' AND `diets`.`time` = 'lunch' AND `diets`.`diet` = '{\"name\":\"Â ì¹˜í‚¨ë§ˆìš”ë®ë°¥, ë“¤ê¹¨ë¯¸ì—­êµ­, ë‹¨í˜¸ë°•ìƒëŸ¬ë“œ, ì˜¤ë³µì§€ë¬´ì¹¨, ë°°ì¶”ê¹€ì¹˜\",\"price\":\"4000\"}') LIMIT 1[0m
  [1m[35mSQL (0.2ms)[0m  INSERT INTO `diets` (`univ_id`, `name`, `location`, `date`, `time`, `diet`, `extra`) VALUES (1, 'ì°½ì—…ë³´ìœ¡ì„¼í„°', 'ì°½ì—…ë³´ìœ¡ì„¼í„° ì§€í•˜1ì¸µ', '2016-06-28', 'lunch', '{\"name\":\"Â ì¹˜í‚¨ë§ˆìš”ë®ë°¥, ë“¤ê¹¨ë¯¸ì—­êµ­, ë‹¨í˜¸ë°•ìƒëŸ¬ë“œ, ì˜¤ë³µì§€ë¬´ì¹¨, ë°°ì¶”ê¹€ì¹˜\",\"price\":\"4000\"}', '')
  [1m[36m (0.3ms)[0m  [1mCOMMIT[0m
  [1m[35m (0.1ms)[0m  BEGIN
  [1m[36mDiet Exists (0.3ms)[0m  [1mSELECT  1 AS one FROM `diets` WHERE (`diets`.`univ_id` = BINARY 1 AND `diets`.`name` = 'ì°½ì—…ë³´ìœ¡ì„¼í„°' AND `diets`.`date` = '2016-06-28' AND `diets`.`time` = 'dinner' AND `diets`.`diet` = '{\"name\":\"Â ì§í™”ìˆœë‘ë¶€ë°±íƒ•, í˜„ë¯¸ë°¥/ë°±ë¯¸ë°¥, ì½©ë‚˜ë¬¼ëˆìœ¡ë‘ë£¨ì¹˜ê¸°, ë§ˆëŠ˜ì«‘ì–‘íŒŒë³¶ìŒ, ë°°ì¶”ê¹€ì¹˜\",\"price\":\"4000\"}') LIMIT 1[0m
  [1m[35mSQL (0.2ms)[0m  INSERT INTO `diets` (`univ_id`, `name`, `location`, `date`, `time`, `diet`, `extra`) VALUES (1, 'ì°½ì—…ë³´ìœ¡ì„¼í„°', 'ì°½ì—…ë³´ìœ¡ì„¼í„° ì§€í•˜1ì¸µ', '2016-06-28', 'dinner', '{\"name\":\"Â ì§í™”ìˆœë‘ë¶€ë°±íƒ•, í˜„ë¯¸ë°¥/ë°±ë¯¸ë°¥, ì½©ë‚˜ë¬¼ëˆìœ¡ë‘ë£¨ì¹˜ê¸°, ë§ˆëŠ˜ì«‘ì–‘íŒŒë³¶ìŒ, ë°°ì¶”ê¹€ì¹˜\",\"price\":\"4000\"}', '')
  [1m[36m (0.3ms)[0m  [1mCOMMIT[0m
  [1m[35m (0.1ms)[0m  BEGIN
  [1m[36mDiet Exists (0.3ms)[0m  [1mSELECT  1 AS one FROM `diets` WHERE (`diets`.`univ_id` = BINARY 1 AND `diets`.`name` = 'ì°½ì—…ë³´ìœ¡ì„¼í„°' AND `diets`.`date` = '2016-06-28' AND `diets`.`time` = 'dinner' AND `diets`.`diet` = '{\"name\":\"Â ë“±ì‹¬ëˆê¹ŒìŠ¤/ì¶”ê°€ë°¥, ìš°ë™êµ­ë¬¼, í† ìŠ¤íŠ¸/ì¨ˆ, ì˜¤ì´í”¼í´, ë°°ì¶”ê¹€ì¹˜\",\"price\":\"4000\"}') LIMIT 1[0m
  [1m[35mSQL (0.2ms)[0m  INSERT INTO `diets` (`univ_id`, `name`, `location`, `date`, `time`, `diet`, `extra`) VALUES (1, 'ì°½ì—…ë³´ìœ¡ì„¼í„°', 'ì°½ì—…ë³´ìœ¡ì„¼í„° ì§€í•˜1ì¸µ', '2016-06-28', 'dinner', '{\"name\":\"Â ë“±ì‹¬ëˆê¹ŒìŠ¤/ì¶”ê°€ë°¥, ìš°ë™êµ­ë¬¼, í† ìŠ¤íŠ¸/ì¨ˆ, ì˜¤ì´í”¼í´, ë°°ì¶”ê¹€ì¹˜\",\"price\":\"4000\"}', '')
  [1m[36m (0.3ms)[0m  [1mCOMMIT[0m
  [1m[35m (0.1ms)[0m  BEGIN
  [1m[36mDiet Exists (0.3ms)[0m  [1mSELECT  1 AS one FROM `diets` WHERE (`diets`.`univ_id` = BINARY 1 AND `diets`.`name` = 'ì°½ì—…ë³´ìœ¡ì„¼í„°' AND `diets`.`date` = '2016-06-29' AND `diets`.`time` = 'lunch' AND `diets`.`diet` = '{\"name\":\"Â í‘œê³ ë²„ì„¯ë¬´ë°¥/ë°±ë¯¸ë°¥, ì°¸ì¹˜ê¹€ì¹˜ì°Œê°œ, íƒ•ìˆ˜ìœ¡&í›„ë£¨ì¸ ì†ŒìŠ¤, ì•Œê°ìì¡°ë¦¼,ì‚¼ìƒ‰ì½©ìë°˜, ë°°ì¶”ê¹€ì¹˜\",\"price\":\"4000\"}') LIMIT 1[0m
  [1m[35mSQL (0.2ms)[0m  INSERT INTO `diets` (`univ_id`, `name`, `location`, `date`, `time`, `diet`, `extra`) VALUES (1, 'ì°½ì—…ë³´ìœ¡ì„¼í„°', 'ì°½ì—…ë³´ìœ¡ì„¼í„° ì§€í•˜1ì¸µ', '2016-06-29', 'lunch', '{\"name\":\"Â í‘œê³ ë²„ì„¯ë¬´ë°¥/ë°±ë¯¸ë°¥, ì°¸ì¹˜ê¹€ì¹˜ì°Œê°œ, íƒ•ìˆ˜ìœ¡&í›„ë£¨ì¸ ì†ŒìŠ¤, ì•Œê°ìì¡°ë¦¼,ì‚¼ìƒ‰ì½©ìë°˜, ë°°ì¶”ê¹€ì¹˜\",\"price\":\"4000\"}', '')
  [1m[36m (0.3ms)[0m  [1mCOMMIT[0m
  [1m[35m (0.1ms)[0m  BEGIN
  [1m[36mDiet Exists (0.3ms)[0m  [1mSELECT  1 AS one FROM `diets` WHERE (`diets`.`univ_id` = BINARY 1 AND `diets`.`name` = 'ì°½ì—…ë³´ìœ¡ì„¼í„°' AND `diets`.`date` = '2016-06-29' AND `diets`.`time` = 'lunch' AND `diets`.`diet` = '{\"name\":\"Â ë§¤ìš´ëˆê¹ŒìŠ¤/í›„ë¦¬ê°€ì¼€ì£¼ë¨¹ë°¥, í¬ë¦¼ìŠ¤í”„, í•«ë„ê·¸, ë‹¨ë¬´ì§€, ë°°ì¶”ê¹€ì¹˜\",\"price\":\"4000\"}') LIMIT 1[0m
  [1m[35mSQL (0.2ms)[0m  INSERT INTO `diets` (`univ_id`, `name`, `location`, `date`, `time`, `diet`, `extra`) VALUES (1, 'ì°½ì—…ë³´ìœ¡ì„¼í„°', 'ì°½ì—…ë³´ìœ¡ì„¼í„° ì§€í•˜1ì¸µ', '2016-06-29', 'lunch', '{\"name\":\"Â ë§¤ìš´ëˆê¹ŒìŠ¤/í›„ë¦¬ê°€ì¼€ì£¼ë¨¹ë°¥, í¬ë¦¼ìŠ¤í”„, í•«ë„ê·¸, ë‹¨ë¬´ì§€, ë°°ì¶”ê¹€ì¹˜\",\"price\":\"4000\"}', '')
  [1m[36m (0.3ms)[0m  [1mCOMMIT[0m
  [1m[35m (0.1ms)[0m  BEGIN
  [1m[36mDiet Exists (0.4ms)[0m  [1mSELECT  1 AS one FROM `diets` WHERE (`diets`.`univ_id` = BINARY 1 AND `diets`.`name` = 'ì°½ì—…ë³´ìœ¡ì„¼í„°' AND `diets`.`date` = '2016-06-29' AND `diets`.`time` = 'dinner' AND `diets`.`diet` = '{\"name\":\"Â ì§í™”ê¹€ì¹˜ì†ë§Œë‘êµ­, í‘œê³ ë²„ì„¯ë°¥/ë°±ë¯¸ë°¥, ë¯¸íŠ¸ë³¼í”¼ë§ë³¶ìŒ, ì²­ê²½ì±„ê²‰ì ˆì´, ë°°ì¶”ê¹€ì¹˜\",\"price\":\"4000\"}') LIMIT 1[0m
  [1m[35mSQL (0.2ms)[0m  INSERT INTO `diets` (`univ_id`, `name`, `location`, `date`, `time`, `diet`, `extra`) VALUES (1, 'ì°½ì—…ë³´ìœ¡ì„¼í„°', 'ì°½ì—…ë³´ìœ¡ì„¼í„° ì§€í•˜1ì¸µ', '2016-06-29', 'dinner', '{\"name\":\"Â ì§í™”ê¹€ì¹˜ì†ë§Œë‘êµ­, í‘œê³ ë²„ì„¯ë°¥/ë°±ë¯¸ë°¥, ë¯¸íŠ¸ë³¼í”¼ë§ë³¶ìŒ, ì²­ê²½ì±„ê²‰ì ˆì´, ë°°ì¶”ê¹€ì¹˜\",\"price\":\"4000\"}', '')
  [1m[36m (0.3ms)[0m  [1mCOMMIT[0m
  [1m[35m (0.1ms)[0m  BEGIN
  [1m[36mDiet Exists (0.5ms)[0m  [1mSELECT  1 AS one FROM `diets` WHERE (`diets`.`univ_id` = BINARY 1 AND `diets`.`name` = 'ì°½ì—…ë³´ìœ¡ì„¼í„°' AND `diets`.`date` = '2016-06-29' AND `diets`.`time` = 'dinner' AND `diets`.`diet` = '{\"name\":\"Â ë“±ì‹¬ëˆê¹ŒìŠ¤/ì¶”ê°€ë°¥, ìœ ë¶€ì¥êµ­, ì˜¥ìˆ˜ìˆ˜ì½˜ìƒëŸ¬ë“œ, ì²­ê²½ì±„ê²‰ì ˆì´, ë°°ì¶”ê¹€ì¹˜\",\"price\":\"4000\"}') LIMIT 1[0m
  [1m[35mSQL (0.2ms)[0m  INSERT INTO `diets` (`univ_id`, `name`, `location`, `date`, `time`, `diet`, `extra`) VALUES (1, 'ì°½ì—…ë³´ìœ¡ì„¼í„°', 'ì°½ì—…ë³´ìœ¡ì„¼í„° ì§€í•˜1ì¸µ', '2016-06-29', 'dinner', '{\"name\":\"Â ë“±ì‹¬ëˆê¹ŒìŠ¤/ì¶”ê°€ë°¥, ìœ ë¶€ì¥êµ­, ì˜¥ìˆ˜ìˆ˜ì½˜ìƒëŸ¬ë“œ, ì²­ê²½ì±„ê²‰ì ˆì´, ë°°ì¶”ê¹€ì¹˜\",\"price\":\"4000\"}', '')
encoding error : input conversion failed due to input error, bytes 0xB3 0x3C 0x2F 0x74
  [1m[36m (0.3ms)[0m  [1mCOMMIT[0m
  [1m[35m (0.1ms)[0m  BEGIN
  [1m[36mDiet Exists (0.3ms)[0m  [1mSELECT  1 AS one FROM `diets` WHERE (`diets`.`univ_id` = BINARY 1 AND `diets`.`name` = 'ì°½ì—…ë³´ìœ¡ì„¼í„°' AND `diets`.`date` = '2016-06-30' AND `diets`.`time` = 'lunch' AND `diets`.`diet` = '{\"name\":\"Â í‘ë¯¸ë°¥/ë°±ë¯¸ë°¥, í˜¸ë°•ê³ ì¶”ì¥ì°Œê°œ, ëˆìœ¡ëª¨ë“¬ì¥ì¡°ë¦¼, ëŠíƒ€ë¦¬ë²„ì„¯ë³¶ìŒ, ì°¸ë‚˜ë¬¼ê²‰ì ˆì´, ë°°ì¶”ê¹€ì¹˜\",\"price\":\"4000\"}') LIMIT 1[0m
  [1m[35mSQL (0.2ms)[0m  INSERT INTO `diets` (`univ_id`, `name`, `location`, `date`, `time`, `diet`, `extra`) VALUES (1, 'ì°½ì—…ë³´ìœ¡ì„¼í„°', 'ì°½ì—…ë³´ìœ¡ì„¼í„° ì§€í•˜1ì¸µ', '2016-06-30', 'lunch', '{\"name\":\"Â í‘ë¯¸ë°¥/ë°±ë¯¸ë°¥, í˜¸ë°•ê³ ì¶”ì¥ì°Œê°œ, ëˆìœ¡ëª¨ë“¬ì¥ì¡°ë¦¼, ëŠíƒ€ë¦¬ë²„ì„¯ë³¶ìŒ, ì°¸ë‚˜ë¬¼ê²‰ì ˆì´, ë°°ì¶”ê¹€ì¹˜\",\"price\":\"4000\"}', '')
  [1m[36m (0.4ms)[0m  [1mCOMMIT[0m
  [1m[35m (0.1ms)[0m  BEGIN
  [1m[36mDiet Exists (0.3ms)[0m  [1mSELECT  1 AS one FROM `diets` WHERE (`diets`.`univ_id` = BINARY 1 AND `diets`.`name` = 'ì°½ì—…ë³´ìœ¡ì„¼í„°' AND `diets`.`date` = '2016-06-30' AND `diets`.`time` = 'lunch' AND `diets`.`diet` = '{\"name\":\"Â ìˆ˜ì œì™•ëˆê¹ŒìŠ¤/ì¶”ê°€ë°¥, ìš°ë™êµ­ë¬¼, ì•¼ì±„ê³ ë¡œì¼€, ì§œì‚¬ì´ì±„ë¬´ì¹¨, ë°°ì¶”ê¹€ì¹˜\",\"price\":\"4000\"}') LIMIT 1[0m
  [1m[35mSQL (0.2ms)[0m  INSERT INTO `diets` (`univ_id`, `name`, `location`, `date`, `time`, `diet`, `extra`) VALUES (1, 'ì°½ì—…ë³´ìœ¡ì„¼í„°', 'ì°½ì—…ë³´ìœ¡ì„¼í„° ì§€í•˜1ì¸µ', '2016-06-30', 'lunch', '{\"name\":\"Â ìˆ˜ì œì™•ëˆê¹ŒìŠ¤/ì¶”ê°€ë°¥, ìš°ë™êµ­ë¬¼, ì•¼ì±„ê³ ë¡œì¼€, ì§œì‚¬ì´ì±„ë¬´ì¹¨, ë°°ì¶”ê¹€ì¹˜\",\"price\":\"4000\"}', '')
  [1m[36m (0.3ms)[0m  [1mCOMMIT[0m
  [1m[35m (0.1ms)[0m  BEGIN
  [1m[36mDiet Exists (0.3ms)[0m  [1mSELECT  1 AS one FROM `diets` WHERE (`diets`.`univ_id` = BINARY 1 AND `diets`.`name` = 'ì°½ì—…ë³´ìœ¡ì„¼í„°' AND `diets`.`date` = '2016-06-30' AND `diets`.`time` = 'dinner' AND `diets`.`diet` = '{\"name\":\"Â ì§í™”ë¶€ëŒ€ì°Œê°œ, í‘ë¯¸ë°¥/ë°±ë¯¸ë°¥, ìˆœì‚´ê¹í’ê¸°, ë¯¸ë‚˜ë¦¬ìˆ™ì£¼ë‚˜ë¬¼ë¬´ì¹¨, ë°°ì¶”ê¹€ì¹˜\",\"price\":\"4000\"}') LIMIT 1[0m
  [1m[35mSQL (0.2ms)[0m  INSERT INTO `diets` (`univ_id`, `name`, `location`, `date`, `time`, `diet`, `extra`) VALUES (1, 'ì°½ì—…ë³´ìœ¡ì„¼í„°', 'ì°½ì—…ë³´ìœ¡ì„¼í„° ì§€í•˜1ì¸µ', '2016-06-30', 'dinner', '{\"name\":\"Â ì§í™”ë¶€ëŒ€ì°Œê°œ, í‘ë¯¸ë°¥/ë°±ë¯¸ë°¥, ìˆœì‚´ê¹í’ê¸°, ë¯¸ë‚˜ë¦¬ìˆ™ì£¼ë‚˜ë¬¼ë¬´ì¹¨, ë°°ì¶”ê¹€ì¹˜\",\"price\":\"4000\"}', '')
  [1m[36m (0.3ms)[0m  [1mCOMMIT[0m
  [1m[35m (0.1ms)[0m  BEGIN
  [1m[36mDiet Exists (0.3ms)[0m  [1mSELECT  1 AS one FROM `diets` WHERE (`diets`.`univ_id` = BINARY 1 AND `diets`.`name` = 'ì°½ì—…ë³´ìœ¡ì„¼í„°' AND `diets`.`date` = '2016-06-30' AND `diets`.`time` = 'dinner' AND `diets`.`diet` = '{\"name\":\"Â ë“±ì‹¬ëˆê¹ŒìŠ¤/ì¶”ê°€ë°¥, ìœ ë¶€ì¥êµ­, ë§ˆëŠ˜ë°”ê²ŒíŠ¸ë¹µ, ë‹¨ë¬´ì§€, ë°°ì¶”ê¹€ì¹˜\",\"price\":\"4000\"}') LIMIT 1[0m
  [1m[35mSQL (0.2ms)[0m  INSERT INTO `diets` (`univ_id`, `name`, `location`, `date`, `time`, `diet`, `extra`) VALUES (1, 'ì°½ì—…ë³´ìœ¡ì„¼í„°', 'ì°½ì—…ë³´ìœ¡ì„¼í„° ì§€í•˜1ì¸µ', '2016-06-30', 'dinner', '{\"name\":\"Â ë“±ì‹¬ëˆê¹ŒìŠ¤/ì¶”ê°€ë°¥, ìœ ë¶€ì¥êµ­, ë§ˆëŠ˜ë°”ê²ŒíŠ¸ë¹µ, ë‹¨ë¬´ì§€, ë°°ì¶”ê¹€ì¹˜\",\"price\":\"4000\"}', '')
  [1m[36m (0.3ms)[0m  [1mCOMMIT[0m
  [1m[35m (0.1ms)[0m  BEGIN
  [1m[36mDiet Exists (0.3ms)[0m  [1mSELECT  1 AS one FROM `diets` WHERE (`diets`.`univ_id` = BINARY 1 AND `diets`.`name` = 'ì°½ì—…ë³´ìœ¡ì„¼í„°' AND `diets`.`date` = '2016-07-01' AND `diets`.`time` = 'lunch' AND `diets`.`diet` = '{\"name\":\"Â ìˆ˜ìˆ˜ë°¥/ë°±ë¯¸ë°¥,  ì–¼í°ë²„ì„¯ì „ê³¨, ë‹­ì‚´ë³¶ìŒíƒ•, ì—°ë‘ë¶€, í•´íŒŒë¦¬ì‚¼ìƒ‰ëƒ‰ì±„, ë°°ì¶”ê¹€ì¹˜\",\"price\":\"4000\"}') LIMIT 1[0m
  [1m[35mSQL (0.2ms)[0m  INSERT INTO `diets` (`univ_id`, `name`, `location`, `date`, `time`, `diet`, `extra`) VALUES (1, 'ì°½ì—…ë³´ìœ¡ì„¼í„°', 'ì°½ì—…ë³´ìœ¡ì„¼í„° ì§€í•˜1ì¸µ', '2016-07-01', 'lunch', '{\"name\":\"Â ìˆ˜ìˆ˜ë°¥/ë°±ë¯¸ë°¥,  ì–¼í°ë²„ì„¯ì „ê³¨, ë‹­ì‚´ë³¶ìŒíƒ•, ì—°ë‘ë¶€, í•´íŒŒë¦¬ì‚¼ìƒ‰ëƒ‰ì±„, ë°°ì¶”ê¹€ì¹˜\",\"price\":\"4000\"}', '')
  [1m[36m (0.3ms)[0m  [1mCOMMIT[0m
  [1m[35m (0.1ms)[0m  BEGIN
  [1m[36mDiet Exists (0.3ms)[0m  [1mSELECT  1 AS one FROM `diets` WHERE (`diets`.`univ_id` = BINARY 1 AND `diets`.`name` = 'ì°½ì—…ë³´ìœ¡ì„¼í„°' AND `diets`.`date` = '2016-07-01' AND `diets`.`time` = 'lunch' AND `diets`.`diet` = '{\"name\":\"Â ì˜¤ë¯€ë¼ì´ìŠ¤, ìœ ë¶€ì¥êµ­, ë–¡ê°ˆë¹„ë°ë¦¬ì•¼ë¼ì¡°ë¦¼, ë¬´ë§ë­ì´ë¬´ì¹¨, ë°°ì¶”ê¹€ì¹˜\",\"price\":\"4000\"}') LIMIT 1[0m
  [1m[35mSQL (0.2ms)[0m  INSERT INTO `diets` (`univ_id`, `name`, `location`, `date`, `time`, `diet`, `extra`) VALUES (1, 'ì°½ì—…ë³´ìœ¡ì„¼í„°', 'ì°½ì—…ë³´ìœ¡ì„¼í„° ì§€í•˜1ì¸µ', '2016-07-01', 'lunch', '{\"name\":\"Â ì˜¤ë¯€ë¼ì´ìŠ¤, ìœ ë¶€ì¥êµ­, ë–¡ê°ˆë¹„ë°ë¦¬ì•¼ë¼ì¡°ë¦¼, ë¬´ë§ë­ì´ë¬´ì¹¨, ë°°ì¶”ê¹€ì¹˜\",\"price\":\"4000\"}', '')
  [1m[36m (0.4ms)[0m  [1mCOMMIT[0m
  [1m[35m (0.1ms)[0m  BEGIN
  [1m[36mDiet Exists (0.3ms)[0m  [1mSELECT  1 AS one FROM `diets` WHERE (`diets`.`univ_id` = BINARY 1 AND `diets`.`name` = 'ì°½ì—…ë³´ìœ¡ì„¼í„°' AND `diets`.`date` = '2016-07-01' AND `diets`.`time` = 'dinner' AND `diets`.`diet` = '{\"name\":\"Â ì§í™”í•´ë¬¼ì¹¼êµ­ìˆ˜, ìˆ˜ìˆ˜ë°¥/ë°±ë¯¸ë°¥, ì•¼ì±„ê³„ë€ë§ì´, ê³ ë“¤ë¹¼ê¸°ë¬´ì¹¨, ë°°ì¶”ê¹€ì¹˜\",\"price\":\"4000\"}') LIMIT 1[0m
  [1m[35mSQL (0.2ms)[0m  INSERT INTO `diets` (`univ_id`, `name`, `location`, `date`, `time`, `diet`, `extra`) VALUES (1, 'ì°½ì—…ë³´ìœ¡ì„¼í„°', 'ì°½ì—…ë³´ìœ¡ì„¼í„° ì§€í•˜1ì¸µ', '2016-07-01', 'dinner', '{\"name\":\"Â ì§í™”í•´ë¬¼ì¹¼êµ­ìˆ˜, ìˆ˜ìˆ˜ë°¥/ë°±ë¯¸ë°¥, ì•¼ì±„ê³„ë€ë§ì´, ê³ ë“¤ë¹¼ê¸°ë¬´ì¹¨, ë°°ì¶”ê¹€ì¹˜\",\"price\":\"4000\"}', '')
  [1m[36m (0.3ms)[0m  [1mCOMMIT[0m
  [1m[35m (2.4ms)[0m  BEGIN
  [1m[36mDiet Exists (0.3ms)[0m  [1mSELECT  1 AS one FROM `diets` WHERE (`diets`.`univ_id` = BINARY 1 AND `diets`.`name` = 'ì°½ì—…ë³´ìœ¡ì„¼í„°' AND `diets`.`date` = '2016-07-01' AND `diets`.`time` = 'dinner' AND `diets`.`diet` = '{\"name\":\"Â ë“±ì‹¬ëˆê¹ŒìŠ¤/ì¶”ê°€ë°¥, ìš°ë™êµ­ë¬¼, ê³ êµ¬ë§ˆíŠ€ê¹€, ë§ˆëŠ˜ì«‘ì§€ë¬´ì¹¨, ë°°ì¶”ê¹€ì¹˜\",\"price\":\"4000\"}') LIMIT 1[0m
  [1m[35mSQL (0.2ms)[0m  INSERT INTO `diets` (`univ_id`, `name`, `location`, `date`, `time`, `diet`, `extra`) VALUES (1, 'ì°½ì—…ë³´ìœ¡ì„¼í„°', 'ì°½ì—…ë³´ìœ¡ì„¼í„° ì§€í•˜1ì¸µ', '2016-07-01', 'dinner', '{\"name\":\"Â ë“±ì‹¬ëˆê¹ŒìŠ¤/ì¶”ê°€ë°¥, ìš°ë™êµ­ë¬¼, ê³ êµ¬ë§ˆíŠ€ê¹€, ë§ˆëŠ˜ì«‘ì§€ë¬´ì¹¨, ë°°ì¶”ê¹€ì¹˜\",\"price\":\"4000\"}', '')
  [1m[36m (0.3ms)[0m  [1mCOMMIT[0m
  [1m[35m (0.2ms)[0m  BEGIN
  [1m[36mDiet Exists (0.3ms)[0m  [1mSELECT  1 AS one FROM `diets` WHERE (`diets`.`univ_id` = BINARY 1 AND `diets`.`name` = 'ë§ˆì¸ë“œ í‘¸ë“œì½”íŠ¸' AND `diets`.`date` = '2016-06-27' AND `diets`.`time` = 'breakfast' AND `diets`.`diet` = '{\"name\":\"(í•œì‹)Â  ì˜¤ë¦¬í›ˆì œê¹€ì¹˜ë³¶ìŒ\",\"price\":\"3500\"}') LIMIT 1[0m
  [1m[35mSQL (0.3ms)[0m  INSERT INTO `diets` (`univ_id`, `name`, `location`, `date`, `time`, `diet`, `extra`) VALUES (1, 'ë§ˆì¸ë“œ í‘¸ë“œì½”íŠ¸', 'ë³µì§€ê´€ 3ì¸µ', '2016-06-27', 'breakfast', '{\"name\":\"(í•œì‹)Â  ì˜¤ë¦¬í›ˆì œê¹€ì¹˜ë³¶ìŒ\",\"price\":\"3500\"}', '')
  [1m[36m (1.1ms)[0m  [1mCOMMIT[0m
This part is nil
This part is nil
  [1m[35m (0.1ms)[0m  BEGIN
  [1m[36mDiet Exists (0.3ms)[0m  [1mSELECT  1 AS one FROM `diets` WHERE (`diets`.`univ_id` = BINARY 1 AND `diets`.`name` = 'ë§ˆì¸ë“œ í‘¸ë“œì½”íŠ¸' AND `diets`.`date` = '2016-06-27' AND `diets`.`time` = 'breakfast' AND `diets`.`diet` = '{\"name\":\"(ì–‘ì‹)Â ìˆ˜ì œíŠ¹ì™•ë“±ì‹¬ëˆê¹ŒìŠ¤(4500ì›)            ìˆ˜ì œì¹˜ì¦ˆëˆê¹ŒìŠ¤(4000ì›)\",\"price\":\"4500\"}') LIMIT 1[0m
  [1m[35mSQL (0.2ms)[0m  INSERT INTO `diets` (`univ_id`, `name`, `location`, `date`, `time`, `diet`, `extra`) VALUES (1, 'ë§ˆì¸ë“œ í‘¸ë“œì½”íŠ¸', 'ë³µì§€ê´€ 3ì¸µ', '2016-06-27', 'breakfast', '{\"name\":\"(ì–‘ì‹)Â ìˆ˜ì œíŠ¹ì™•ë“±ì‹¬ëˆê¹ŒìŠ¤(4500ì›)            ìˆ˜ì œì¹˜ì¦ˆëˆê¹ŒìŠ¤(4000ì›)\",\"price\":\"4500\"}', '')
  [1m[36m (0.3ms)[0m  [1mCOMMIT[0m
  [1m[35m (0.1ms)[0m  BEGIN
  [1m[36mDiet Exists (0.3ms)[0m  [1mSELECT  1 AS one FROM `diets` WHERE (`diets`.`univ_id` = BINARY 1 AND `diets`.`name` = 'ë§ˆì¸ë“œ í‘¸ë“œì½”íŠ¸' AND `diets`.`date` = '2016-06-27' AND `diets`.`time` = 'breakfast' AND `diets`.`diet` = '{\"name\":\"(ì–‘ì‹)Â ìˆ˜ì œì°¸ì¹˜ë²„ê±°&ì¹˜ì¦ˆë¼ë©´(3,800ì›)     Â ìˆ˜ì œë“±ì‹¬ëˆê¹ŒìŠ¤(3500ì›)\",\"price\":\"3800\"}') LIMIT 1[0m
  [1m[35mSQL (0.3ms)[0m  INSERT INTO `diets` (`univ_id`, `name`, `location`, `date`, `time`, `diet`, `extra`) VALUES (1, 'ë§ˆì¸ë“œ í‘¸ë“œì½”íŠ¸', 'ë³µì§€ê´€ 3ì¸µ', '2016-06-27', 'breakfast', '{\"name\":\"(ì–‘ì‹)Â ìˆ˜ì œì°¸ì¹˜ë²„ê±°&ì¹˜ì¦ˆë¼ë©´(3,800ì›)     Â ìˆ˜ì œë“±ì‹¬ëˆê¹ŒìŠ¤(3500ì›)\",\"price\":\"3800\"}', '')
  [1m[36m (0.3ms)[0m  [1mCOMMIT[0m
  [1m[35m (0.1ms)[0m  BEGIN
  [1m[36mDiet Exists (0.3ms)[0m  [1mSELECT  1 AS one FROM `diets` WHERE (`diets`.`univ_id` = BINARY 1 AND `diets`.`name` = 'ë§ˆì¸ë“œ í‘¸ë“œì½”íŠ¸' AND `diets`.`date` = '2016-06-27' AND `diets`.`time` = 'breakfast' AND `diets`.`diet` = '{\"name\":\"(ë¶„ì‹)Â ë–¡ì§„ì§¬ë½•&ê³µê¸°ë°¥(3800ì›)                 ëˆê¹ŒìŠ¤ë¼ë©´&ê³µê¸°ë°¥(3500ì›)\",\"price\":\"3800\"}') LIMIT 1[0m
  [1m[35mSQL (0.2ms)[0m  INSERT INTO `diets` (`univ_id`, `name`, `location`, `date`, `time`, `diet`, `extra`) VALUES (1, 'ë§ˆì¸ë“œ í‘¸ë“œì½”íŠ¸', 'ë³µì§€ê´€ 3ì¸µ', '2016-06-27', 'breakfast', '{\"name\":\"(ë¶„ì‹)Â ë–¡ì§„ì§¬ë½•&ê³µê¸°ë°¥(3800ì›)                 ëˆê¹ŒìŠ¤ë¼ë©´&ê³µê¸°ë°¥(3500ì›)\",\"price\":\"3800\"}', '')
  [1m[36m (0.4ms)[0m  [1mCOMMIT[0m
  [1m[35m (0.1ms)[0m  BEGIN
  [1m[36mDiet Exists (0.3ms)[0m  [1mSELECT  1 AS one FROM `diets` WHERE (`diets`.`univ_id` = BINARY 1 AND `diets`.`name` = 'ë§ˆì¸ë“œ í‘¸ë“œì½”íŠ¸' AND `diets`.`date` = '2016-06-27' AND `diets`.`time` = 'breakfast' AND `diets`.`diet` = '{\"name\":\"(ë¶„ì‹)Â ê¹€ì¹˜ë§ì´êµ­ìˆ˜(3000ì›)                      ë¼ë©´(2000ì›) ê³µê¸°ë°¥(700ì›)\",\"price\":\"3000\"}') LIMIT 1[0m
  [1m[35mSQL (0.2ms)[0m  INSERT INTO `diets` (`univ_id`, `name`, `location`, `date`, `time`, `diet`, `extra`) VALUES (1, 'ë§ˆì¸ë“œ í‘¸ë“œì½”íŠ¸', 'ë³µì§€ê´€ 3ì¸µ', '2016-06-27', 'breakfast', '{\"name\":\"(ë¶„ì‹)Â ê¹€ì¹˜ë§ì´êµ­ìˆ˜(3000ì›)                      ë¼ë©´(2000ì›) ê³µê¸°ë°¥(700ì›)\",\"price\":\"3000\"}', '')
  [1m[36m (0.3ms)[0m  [1mCOMMIT[0m
  [1m[35m (0.1ms)[0m  BEGIN
  [1m[36mDiet Exists (0.3ms)[0m  [1mSELECT  1 AS one FROM `diets` WHERE (`diets`.`univ_id` = BINARY 1 AND `diets`.`name` = 'ë§ˆì¸ë“œ í‘¸ë“œì½”íŠ¸' AND `diets`.`date` = '2016-06-27' AND `diets`.`time` = 'breakfast' AND `diets`.`diet` = '{\"name\":\"(ë¶„ì‹)Â ì–´ë¬µí•´ì¥ë¼ë©´/ë–¡ë¼ë©´/ì¹˜ì¦ˆë¼ë©´\",\"price\":\"2500\"}') LIMIT 1[0m
  [1m[35mSQL (0.4ms)[0m  INSERT INTO `diets` (`univ_id`, `name`, `location`, `date`, `time`, `diet`, `extra`) VALUES (1, 'ë§ˆì¸ë“œ í‘¸ë“œì½”íŠ¸', 'ë³µì§€ê´€ 3ì¸µ', '2016-06-27', 'breakfast', '{\"name\":\"(ë¶„ì‹)Â ì–´ë¬µí•´ì¥ë¼ë©´/ë–¡ë¼ë©´/ì¹˜ì¦ˆë¼ë©´\",\"price\":\"2500\"}', '')
  [1m[36m (0.4ms)[0m  [1mCOMMIT[0m
  [1m[35m (0.1ms)[0m  BEGIN
  [1m[36mDiet Exists (0.3ms)[0m  [1mSELECT  1 AS one FROM `diets` WHERE (`diets`.`univ_id` = BINARY 1 AND `diets`.`name` = 'ë§ˆì¸ë“œ í‘¸ë“œì½”íŠ¸' AND `diets`.`date` = '2016-06-27' AND `diets`.`time` = 'breakfast' AND `diets`.`diet` = '{\"name\":\"(ë¶„ì‹)Â ì „ë³µì£½(5500ì›),ì†Œê³ ê¸°ì•¼ì±„ì£½,ë‹­ì£½,ë‹¨í˜¸ë°•ì£½,ê²Œì‚´ì£½,í‘œê³ ë²„ì„¯ì£½\",\"price\":\"4500\"}') LIMIT 1[0m
  [1m[35mSQL (0.5ms)[0m  INSERT INTO `diets` (`univ_id`, `name`, `location`, `date`, `time`, `diet`, `extra`) VALUES (1, 'ë§ˆì¸ë“œ í‘¸ë“œì½”íŠ¸', 'ë³µì§€ê´€ 3ì¸µ', '2016-06-27', 'breakfast', '{\"name\":\"(ë¶„ì‹)Â ì „ë³µì£½(5500ì›),ì†Œê³ ê¸°ì•¼ì±„ì£½,ë‹­ì£½,ë‹¨í˜¸ë°•ì£½,ê²Œì‚´ì£½,í‘œê³ ë²„ì„¯ì£½\",\"price\":\"4500\"}', '')
  [1m[36m (0.3ms)[0m  [1mCOMMIT[0m
  [1m[35m (0.1ms)[0m  BEGIN
  [1m[36mDiet Exists (0.3ms)[0m  [1mSELECT  1 AS one FROM `diets` WHERE (`diets`.`univ_id` = BINARY 1 AND `diets`.`name` = 'ë§ˆì¸ë“œ í‘¸ë“œì½”íŠ¸' AND `diets`.`date` = '2016-06-28' AND `diets`.`time` = 'breakfast' AND `diets`.`diet` = '{\"name\":\"(í•œì‹)Â ëª©ì‚´ê¹€ì¹˜ì°Œê°œ\",\"price\":\"3000\"}') LIMIT 1[0m
  [1m[35mSQL (0.2ms)[0m  INSERT INTO `diets` (`univ_id`, `name`, `location`, `date`, `time`, `diet`, `extra`) VALUES (1, 'ë§ˆì¸ë“œ í‘¸ë“œì½”íŠ¸', 'ë³µì§€ê´€ 3ì¸µ', '2016-06-28', 'breakfast', '{\"name\":\"(í•œì‹)Â ëª©ì‚´ê¹€ì¹˜ì°Œê°œ\",\"price\":\"3000\"}', '')
  [1m[36m (0.4ms)[0m  [1mCOMMIT[0m
This part is nil
This part is nil
  [1m[35m (0.1ms)[0m  BEGIN
  [1m[36mDiet Exists (0.3ms)[0m  [1mSELECT  1 AS one FROM `diets` WHERE (`diets`.`univ_id` = BINARY 1 AND `diets`.`name` = 'ë§ˆì¸ë“œ í‘¸ë“œì½”íŠ¸' AND `diets`.`date` = '2016-06-28' AND `diets`.`time` = 'breakfast' AND `diets`.`diet` = '{\"name\":\"(ì–‘ì‹)Â ìˆ˜ì œíŠ¹ì™•ë“±ì‹¬ëˆê¹ŒìŠ¤(4500ì›)            ìˆ˜ì œì¹˜ì¦ˆëˆê¹ŒìŠ¤(4000ì›)\",\"price\":\"4500\"}') LIMIT 1[0m
  [1m[35mSQL (0.2ms)[0m  INSERT INTO `diets` (`univ_id`, `name`, `location`, `date`, `time`, `diet`, `extra`) VALUES (1, 'ë§ˆì¸ë“œ í‘¸ë“œì½”íŠ¸', 'ë³µì§€ê´€ 3ì¸µ', '2016-06-28', 'breakfast', '{\"name\":\"(ì–‘ì‹)Â ìˆ˜ì œíŠ¹ì™•ë“±ì‹¬ëˆê¹ŒìŠ¤(4500ì›)            ìˆ˜ì œì¹˜ì¦ˆëˆê¹ŒìŠ¤(4000ì›)\",\"price\":\"4500\"}', '')
  [1m[36m (0.3ms)[0m  [1mCOMMIT[0m
  [1m[35m (0.1ms)[0m  BEGIN
  [1m[36mDiet Exists (0.3ms)[0m  [1mSELECT  1 AS one FROM `diets` WHERE (`diets`.`univ_id` = BINARY 1 AND `diets`.`name` = 'ë§ˆì¸ë“œ í‘¸ë“œì½”íŠ¸' AND `diets`.`date` = '2016-06-28' AND `diets`.`time` = 'breakfast' AND `diets`.`diet` = '{\"name\":\"(ì–‘ì‹)Â ìˆ˜ì œì°¸ì¹˜ë²„ê±°&ì¹˜ì¦ˆë¼ë©´(3,800ì›)      ìˆ˜ì œë“±ì‹¬ëˆê¹ŒìŠ¤(3500ì›)\",\"price\":\"3800\"}') LIMIT 1[0m
  [1m[35mSQL (0.2ms)[0m  INSERT INTO `diets` (`univ_id`, `name`, `location`, `date`, `time`, `diet`, `extra`) VALUES (1, 'ë§ˆì¸ë“œ í‘¸ë“œì½”íŠ¸', 'ë³µì§€ê´€ 3ì¸µ', '2016-06-28', 'breakfast', '{\"name\":\"(ì–‘ì‹)Â ìˆ˜ì œì°¸ì¹˜ë²„ê±°&ì¹˜ì¦ˆë¼ë©´(3,800ì›)      ìˆ˜ì œë“±ì‹¬ëˆê¹ŒìŠ¤(3500ì›)\",\"price\":\"3800\"}', '')
  [1m[36m (0.3ms)[0m  [1mCOMMIT[0m
  [1m[35m (0.1ms)[0m  BEGIN
  [1m[36mDiet Exists (0.4ms)[0m  [1mSELECT  1 AS one FROM `diets` WHERE (`diets`.`univ_id` = BINARY 1 AND `diets`.`name` = 'ë§ˆì¸ë“œ í‘¸ë“œì½”íŠ¸' AND `diets`.`date` = '2016-06-28' AND `diets`.`time` = 'breakfast' AND `diets`.`diet` = '{\"name\":\"(ë¶„ì‹)Â ë–¡ì§„ì§¬ë½•&ê³µê¸°ë°¥(3800ì›)                 ëˆê¹ŒìŠ¤ë¼ë©´&ê³µê¸°ë°¥(3500ì›)\",\"price\":\"3800\"}') LIMIT 1[0m
  [1m[35mSQL (0.2ms)[0m  INSERT INTO `diets` (`univ_id`, `name`, `location`, `date`, `time`, `diet`, `extra`) VALUES (1, 'ë§ˆì¸ë“œ í‘¸ë“œì½”íŠ¸', 'ë³µì§€ê´€ 3ì¸µ', '2016-06-28', 'breakfast', '{\"name\":\"(ë¶„ì‹)Â ë–¡ì§„ì§¬ë½•&ê³µê¸°ë°¥(3800ì›)                 ëˆê¹ŒìŠ¤ë¼ë©´&ê³µê¸°ë°¥(3500ì›)\",\"price\":\"3800\"}', '')
  [1m[36m (0.3ms)[0m  [1mCOMMIT[0m
  [1m[35m (0.1ms)[0m  BEGIN
  [1m[36mDiet Exists (0.3ms)[0m  [1mSELECT  1 AS one FROM `diets` WHERE (`diets`.`univ_id` = BINARY 1 AND `diets`.`name` = 'ë§ˆì¸ë“œ í‘¸ë“œì½”íŠ¸' AND `diets`.`date` = '2016-06-28' AND `diets`.`time` = 'breakfast' AND `diets`.`diet` = '{\"name\":\"(ë¶„ì‹)Â ê¹€ì¹˜ë§ì´êµ­ìˆ˜(3000ì›)                      ë¼ë©´(2000ì›) ê³µê¸°ë°¥(700ì›)\",\"price\":\"3000\"}') LIMIT 1[0m
  [1m[35mSQL (0.2ms)[0m  INSERT INTO `diets` (`univ_id`, `name`, `location`, `date`, `time`, `diet`, `extra`) VALUES (1, 'ë§ˆì¸ë“œ í‘¸ë“œì½”íŠ¸', 'ë³µì§€ê´€ 3ì¸µ', '2016-06-28', 'breakfast', '{\"name\":\"(ë¶„ì‹)Â ê¹€ì¹˜ë§ì´êµ­ìˆ˜(3000ì›)                      ë¼ë©´(2000ì›) ê³µê¸°ë°¥(700ì›)\",\"price\":\"3000\"}', '')
  [1m[36m (0.3ms)[0m  [1mCOMMIT[0m
  [1m[35m (0.1ms)[0m  BEGIN
  [1m[36mDiet Exists (0.3ms)[0m  [1mSELECT  1 AS one FROM `diets` WHERE (`diets`.`univ_id` = BINARY 1 AND `diets`.`name` = 'ë§ˆì¸ë“œ í‘¸ë“œì½”íŠ¸' AND `diets`.`date` = '2016-06-28' AND `diets`.`time` = 'breakfast' AND `diets`.`diet` = '{\"name\":\"(ë¶„ì‹)Â ì–´ë¬µí•´ì¥ë¼ë©´/ë–¡ë¼ë©´/ì¹˜ì¦ˆë¼ë©´\",\"price\":\"2500\"}') LIMIT 1[0m
  [1m[35mSQL (0.2ms)[0m  INSERT INTO `diets` (`univ_id`, `name`, `location`, `date`, `time`, `diet`, `extra`) VALUES (1, 'ë§ˆì¸ë“œ í‘¸ë“œì½”íŠ¸', 'ë³µì§€ê´€ 3ì¸µ', '2016-06-28', 'breakfast', '{\"name\":\"(ë¶„ì‹)Â ì–´ë¬µí•´ì¥ë¼ë©´/ë–¡ë¼ë©´/ì¹˜ì¦ˆë¼ë©´\",\"price\":\"2500\"}', '')
  [1m[36m (0.3ms)[0m  [1mCOMMIT[0m
  [1m[35m (0.1ms)[0m  BEGIN
  [1m[36mDiet Exists (0.3ms)[0m  [1mSELECT  1 AS one FROM `diets` WHERE (`diets`.`univ_id` = BINARY 1 AND `diets`.`name` = 'ë§ˆì¸ë“œ í‘¸ë“œì½”íŠ¸' AND `diets`.`date` = '2016-06-28' AND `diets`.`time` = 'breakfast' AND `diets`.`diet` = '{\"name\":\"(ë¶„ì‹)Â ì „ë³µì£½(5500ì›),ì†Œê³ ê¸°ì•¼ì±„ì£½,ë‹­ì£½,ë‹¨í˜¸ë°•ì£½,ê²Œì‚´ì£½,í‘œê³ ë²„ì„¯ì£½\",\"price\":\"4500\"}') LIMIT 1[0m
  [1m[35mSQL (0.2ms)[0m  INSERT INTO `diets` (`univ_id`, `name`, `location`, `date`, `time`, `diet`, `extra`) VALUES (1, 'ë§ˆì¸ë“œ í‘¸ë“œì½”íŠ¸', 'ë³µì§€ê´€ 3ì¸µ', '2016-06-28', 'breakfast', '{\"name\":\"(ë¶„ì‹)Â ì „ë³µì£½(5500ì›),ì†Œê³ ê¸°ì•¼ì±„ì£½,ë‹­ì£½,ë‹¨í˜¸ë°•ì£½,ê²Œì‚´ì£½,í‘œê³ ë²„ì„¯ì£½\",\"price\":\"4500\"}', '')
  [1m[36m (0.3ms)[0m  [1mCOMMIT[0m
  [1m[35m (0.1ms)[0m  BEGIN
  [1m[36mDiet Exists (0.5ms)[0m  [1mSELECT  1 AS one FROM `diets` WHERE (`diets`.`univ_id` = BINARY 1 AND `diets`.`name` = 'ë§ˆì¸ë“œ í‘¸ë“œì½”íŠ¸' AND `diets`.`date` = '2016-06-29' AND `diets`.`time` = 'breakfast' AND `diets`.`diet` = '{\"name\":\"(í•œì‹)Â ì œìœ¡ë¶ˆê³ ê¸°\",\"price\":\"3500\"}') LIMIT 1[0m
  [1m[35mSQL (0.2ms)[0m  INSERT INTO `diets` (`univ_id`, `name`, `location`, `date`, `time`, `diet`, `extra`) VALUES (1, 'ë§ˆì¸ë“œ í‘¸ë“œì½”íŠ¸', 'ë³µì§€ê´€ 3ì¸µ', '2016-06-29', 'breakfast', '{\"name\":\"(í•œì‹)Â ì œìœ¡ë¶ˆê³ ê¸°\",\"price\":\"3500\"}', '')
  [1m[36m (0.3ms)[0m  [1mCOMMIT[0m
This part is nil
This part is nil
  [1m[35m (0.1ms)[0m  BEGIN
  [1m[36mDiet Exists (0.3ms)[0m  [1mSELECT  1 AS one FROM `diets` WHERE (`diets`.`univ_id` = BINARY 1 AND `diets`.`name` = 'ë§ˆì¸ë“œ í‘¸ë“œì½”íŠ¸' AND `diets`.`date` = '2016-06-29' AND `diets`.`time` = 'breakfast' AND `diets`.`diet` = '{\"name\":\"(ì–‘ì‹)Â ìˆ˜ì œíŠ¹ì™•ë“±ì‹¬ëˆê¹ŒìŠ¤(4500ì›)            ìˆ˜ì œì¹˜ì¦ˆëˆê¹ŒìŠ¤(4000ì›)\",\"price\":\"4500\"}') LIMIT 1[0m
  [1m[35mSQL (0.2ms)[0m  INSERT INTO `diets` (`univ_id`, `name`, `location`, `date`, `time`, `diet`, `extra`) VALUES (1, 'ë§ˆì¸ë“œ í‘¸ë“œì½”íŠ¸', 'ë³µì§€ê´€ 3ì¸µ', '2016-06-29', 'breakfast', '{\"name\":\"(ì–‘ì‹)Â ìˆ˜ì œíŠ¹ì™•ë“±ì‹¬ëˆê¹ŒìŠ¤(4500ì›)            ìˆ˜ì œì¹˜ì¦ˆëˆê¹ŒìŠ¤(4000ì›)\",\"price\":\"4500\"}', '')
  [1m[36m (0.3ms)[0m  [1mCOMMIT[0m
  [1m[35m (0.1ms)[0m  BEGIN
  [1m[36mDiet Exists (0.3ms)[0m  [1mSELECT  1 AS one FROM `diets` WHERE (`diets`.`univ_id` = BINARY 1 AND `diets`.`name` = 'ë§ˆì¸ë“œ í‘¸ë“œì½”íŠ¸' AND `diets`.`date` = '2016-06-29' AND `diets`.`time` = 'breakfast' AND `diets`.`diet` = '{\"name\":\"(ì–‘ì‹)Â ìˆ˜ì œì°¸ì¹˜ë²„ê±°&ì¹˜ì¦ˆë¼ë©´(3,800ì›)      ìˆ˜ì œë“±ì‹¬ëˆê¹ŒìŠ¤(3500ì›)\",\"price\":\"3800\"}') LIMIT 1[0m
  [1m[35mSQL (0.2ms)[0m  INSERT INTO `diets` (`univ_id`, `name`, `location`, `date`, `time`, `diet`, `extra`) VALUES (1, 'ë§ˆì¸ë“œ í‘¸ë“œì½”íŠ¸', 'ë³µì§€ê´€ 3ì¸µ', '2016-06-29', 'breakfast', '{\"name\":\"(ì–‘ì‹)Â ìˆ˜ì œì°¸ì¹˜ë²„ê±°&ì¹˜ì¦ˆë¼ë©´(3,800ì›)      ìˆ˜ì œë“±ì‹¬ëˆê¹ŒìŠ¤(3500ì›)\",\"price\":\"3800\"}', '')
  [1m[36m (0.3ms)[0m  [1mCOMMIT[0m
  [1m[35m (0.1ms)[0m  BEGIN
  [1m[36mDiet Exists (0.3ms)[0m  [1mSELECT  1 AS one FROM `diets` WHERE (`diets`.`univ_id` = BINARY 1 AND `diets`.`name` = 'ë§ˆì¸ë“œ í‘¸ë“œì½”íŠ¸' AND `diets`.`date` = '2016-06-29' AND `diets`.`time` = 'breakfast' AND `diets`.`diet` = '{\"name\":\"(ë¶„ì‹)Â ë–¡ì§„ì§¬ë½•&ê³µê¸°ë°¥(3800ì›)                 ëˆê¹ŒìŠ¤ë¼ë©´&ê³µê¸°ë°¥(3500ì›)\",\"price\":\"3800\"}') LIMIT 1[0m
  [1m[35mSQL (0.2ms)[0m  INSERT INTO `diets` (`univ_id`, `name`, `location`, `date`, `time`, `diet`, `extra`) VALUES (1, 'ë§ˆì¸ë“œ í‘¸ë“œì½”íŠ¸', 'ë³µì§€ê´€ 3ì¸µ', '2016-06-29', 'breakfast', '{\"name\":\"(ë¶„ì‹)Â ë–¡ì§„ì§¬ë½•&ê³µê¸°ë°¥(3800ì›)                 ëˆê¹ŒìŠ¤ë¼ë©´&ê³µê¸°ë°¥(3500ì›)\",\"price\":\"3800\"}', '')
  [1m[36m (0.3ms)[0m  [1mCOMMIT[0m
  [1m[35m (0.1ms)[0m  BEGIN
  [1m[36mDiet Exists (0.3ms)[0m  [1mSELECT  1 AS one FROM `diets` WHERE (`diets`.`univ_id` = BINARY 1 AND `diets`.`name` = 'ë§ˆì¸ë“œ í‘¸ë“œì½”íŠ¸' AND `diets`.`date` = '2016-06-29' AND `diets`.`time` = 'breakfast' AND `diets`.`diet` = '{\"name\":\"(ë¶„ì‹)Â ê¹€ì¹˜ë§ì´êµ­ìˆ˜(3000ì›)                      ë¼ë©´(2000ì›) ê³µê¸°ë°¥(700ì›)\",\"price\":\"3000\"}') LIMIT 1[0m
  [1m[35mSQL (0.2ms)[0m  INSERT INTO `diets` (`univ_id`, `name`, `location`, `date`, `time`, `diet`, `extra`) VALUES (1, 'ë§ˆì¸ë“œ í‘¸ë“œì½”íŠ¸', 'ë³µì§€ê´€ 3ì¸µ', '2016-06-29', 'breakfast', '{\"name\":\"(ë¶„ì‹)Â ê¹€ì¹˜ë§ì´êµ­ìˆ˜(3000ì›)                      ë¼ë©´(2000ì›) ê³µê¸°ë°¥(700ì›)\",\"price\":\"3000\"}', '')
  [1m[36m (0.4ms)[0m  [1mCOMMIT[0m
  [1m[35m (0.1ms)[0m  BEGIN
  [1m[36mDiet Exists (0.3ms)[0m  [1mSELECT  1 AS one FROM `diets` WHERE (`diets`.`univ_id` = BINARY 1 AND `diets`.`name` = 'ë§ˆì¸ë“œ í‘¸ë“œì½”íŠ¸' AND `diets`.`date` = '2016-06-29' AND `diets`.`time` = 'breakfast' AND `diets`.`diet` = '{\"name\":\"(ë¶„ì‹)Â ì–´ë¬µí•´ì¥ë¼ë©´/ë–¡ë¼ë©´/ì¹˜ì¦ˆë¼ë©´\",\"price\":\"2500\"}') LIMIT 1[0m
  [1m[35mSQL (0.2ms)[0m  INSERT INTO `diets` (`univ_id`, `name`, `location`, `date`, `time`, `diet`, `extra`) VALUES (1, 'ë§ˆì¸ë“œ í‘¸ë“œì½”íŠ¸', 'ë³µì§€ê´€ 3ì¸µ', '2016-06-29', 'breakfast', '{\"name\":\"(ë¶„ì‹)Â ì–´ë¬µí•´ì¥ë¼ë©´/ë–¡ë¼ë©´/ì¹˜ì¦ˆë¼ë©´\",\"price\":\"2500\"}', '')
  [1m[36m (0.3ms)[0m  [1mCOMMIT[0m
  [1m[35m (0.1ms)[0m  BEGIN
  [1m[36mDiet Exists (0.3ms)[0m  [1mSELECT  1 AS one FROM `diets` WHERE (`diets`.`univ_id` = BINARY 1 AND `diets`.`name` = 'ë§ˆì¸ë“œ í‘¸ë“œì½”íŠ¸' AND `diets`.`date` = '2016-06-29' AND `diets`.`time` = 'breakfast' AND `diets`.`diet` = '{\"name\":\"(ë¶„ì‹)Â ì „ë³µì£½(5500ì›),ì†Œê³ ê¸°ì•¼ì±„ì£½,ë‹­ì£½,ë‹¨í˜¸ë°•ì£½,ê²Œì‚´ì£½,í‘œê³ ë²„ì„¯ì£½\",\"price\":\"4000\"}') LIMIT 1[0m
  [1m[35mSQL (0.2ms)[0m  INSERT INTO `diets` (`univ_id`, `name`, `location`, `date`, `time`, `diet`, `extra`) VALUES (1, 'ë§ˆì¸ë“œ í‘¸ë“œì½”íŠ¸', 'ë³µì§€ê´€ 3ì¸µ', '2016-06-29', 'breakfast', '{\"name\":\"(ë¶„ì‹)Â ì „ë³µì£½(5500ì›),ì†Œê³ ê¸°ì•¼ì±„ì£½,ë‹­ì£½,ë‹¨í˜¸ë°•ì£½,ê²Œì‚´ì£½,í‘œê³ ë²„ì„¯ì£½\",\"price\":\"4000\"}', '')
  [1m[36m (0.3ms)[0m  [1mCOMMIT[0m
  [1m[35m (0.1ms)[0m  BEGIN
  [1m[36mDiet Exists (0.3ms)[0m  [1mSELECT  1 AS one FROM `diets` WHERE (`diets`.`univ_id` = BINARY 1 AND `diets`.`name` = 'ë§ˆì¸ë“œ í‘¸ë“œì½”íŠ¸' AND `diets`.`date` = '2016-06-30' AND `diets`.`time` = 'breakfast' AND `diets`.`diet` = '{\"name\":\"(í•œì‹)Â ë¬µì€ì§€ì°œë‹­\",\"price\":\"3000\"}') LIMIT 1[0m
  [1m[35mSQL (0.2ms)[0m  INSERT INTO `diets` (`univ_id`, `name`, `location`, `date`, `time`, `diet`, `extra`) VALUES (1, 'ë§ˆì¸ë“œ í‘¸ë“œì½”íŠ¸', 'ë³µì§€ê´€ 3ì¸µ', '2016-06-30', 'breakfast', '{\"name\":\"(í•œì‹)Â ë¬µì€ì§€ì°œë‹­\",\"price\":\"3000\"}', '')
  [1m[36m (0.4ms)[0m  [1mCOMMIT[0m
This part is nil
This part is nil
  [1m[35m (0.1ms)[0m  BEGIN
  [1m[36mDiet Exists (0.3ms)[0m  [1mSELECT  1 AS one FROM `diets` WHERE (`diets`.`univ_id` = BINARY 1 AND `diets`.`name` = 'ë§ˆì¸ë“œ í‘¸ë“œì½”íŠ¸' AND `diets`.`date` = '2016-06-30' AND `diets`.`time` = 'breakfast' AND `diets`.`diet` = '{\"name\":\"(ì–‘ì‹)Â ìˆ˜ì œíŠ¹ì™•ë“±ì‹¬ëˆê¹ŒìŠ¤(4500ì›)            ìˆ˜ì œì¹˜ì¦ˆëˆê¹ŒìŠ¤(4000ì›)\",\"price\":\"4500\"}') LIMIT 1[0m
  [1m[35mSQL (0.2ms)[0m  INSERT INTO `diets` (`univ_id`, `name`, `location`, `date`, `time`, `diet`, `extra`) VALUES (1, 'ë§ˆì¸ë“œ í‘¸ë“œì½”íŠ¸', 'ë³µì§€ê´€ 3ì¸µ', '2016-06-30', 'breakfast', '{\"name\":\"(ì–‘ì‹)Â ìˆ˜ì œíŠ¹ì™•ë“±ì‹¬ëˆê¹ŒìŠ¤(4500ì›)            ìˆ˜ì œì¹˜ì¦ˆëˆê¹ŒìŠ¤(4000ì›)\",\"price\":\"4500\"}', '')
  [1m[36m (0.4ms)[0m  [1mCOMMIT[0m
  [1m[35m (0.1ms)[0m  BEGIN
  [1m[36mDiet Exists (0.3ms)[0m  [1mSELECT  1 AS one FROM `diets` WHERE (`diets`.`univ_id` = BINARY 1 AND `diets`.`name` = 'ë§ˆì¸ë“œ í‘¸ë“œì½”íŠ¸' AND `diets`.`date` = '2016-06-30' AND `diets`.`time` = 'breakfast' AND `diets`.`diet` = '{\"name\":\"(ì–‘ì‹)Â ìˆ˜ì œì°¸ì¹˜ë²„ê±°&ì¹˜ì¦ˆë¼ë©´(3,800ì›)      ìˆ˜ì œë“±ì‹¬ëˆê¹ŒìŠ¤(3500ì›)\",\"price\":\"3800\"}') LIMIT 1[0m
  [1m[35mSQL (0.2ms)[0m  INSERT INTO `diets` (`univ_id`, `name`, `location`, `date`, `time`, `diet`, `extra`) VALUES (1, 'ë§ˆì¸ë“œ í‘¸ë“œì½”íŠ¸', 'ë³µì§€ê´€ 3ì¸µ', '2016-06-30', 'breakfast', '{\"name\":\"(ì–‘ì‹)Â ìˆ˜ì œì°¸ì¹˜ë²„ê±°&ì¹˜ì¦ˆë¼ë©´(3,800ì›)      ìˆ˜ì œë“±ì‹¬ëˆê¹ŒìŠ¤(3500ì›)\",\"price\":\"3800\"}', '')
  [1m[36m (0.3ms)[0m  [1mCOMMIT[0m
  [1m[35m (0.1ms)[0m  BEGIN
  [1m[36mDiet Exists (0.3ms)[0m  [1mSELECT  1 AS one FROM `diets` WHERE (`diets`.`univ_id` = BINARY 1 AND `diets`.`name` = 'ë§ˆì¸ë“œ í‘¸ë“œì½”íŠ¸' AND `diets`.`date` = '2016-06-30' AND `diets`.`time` = 'breakfast' AND `diets`.`diet` = '{\"name\":\"(ë¶„ì‹)Â ë–¡ì§„ì§¬ë½•&ê³µê¸°ë°¥(3800ì›)                 ëˆê¹ŒìŠ¤ë¼ë©´&ê³µê¸°ë°¥(3500ì›)\",\"price\":\"3800\"}') LIMIT 1[0m
[2016-06-30 18:11:48] FATAL SignalException: SIGTERM
	/Users/parksangjun/.rbenv/versions/2.3.0/lib/ruby/2.3.0/webrick/server.rb:177:in `select'
	/Users/parksangjun/.rbenv/versions/2.3.0/lib/ruby/2.3.0/webrick/server.rb:177:in `block in start'
	/Users/parksangjun/.rbenv/versions/2.3.0/lib/ruby/2.3.0/webrick/server.rb:33:in `start'
	/Users/parksangjun/.rbenv/versions/2.3.0/lib/ruby/2.3.0/webrick/server.rb:164:in `start'
	/Users/parksangjun/.rbenv/versions/2.3.0/lib/ruby/gems/2.3.0/gems/rack-1.6.4/lib/rack/handler/webrick.rb:34:in `run'
	/Users/parksangjun/.rbenv/versions/2.3.0/lib/ruby/gems/2.3.0/gems/rack-1.6.4/lib/rack/server.rb:286:in `start'
	/Users/parksangjun/.rbenv/versions/2.3.0/lib/ruby/gems/2.3.0/gems/railties-4.2.5.1/lib/rails/commands/server.rb:80:in `start'
	/Users/parksangjun/.rbenv/versions/2.3.0/lib/ruby/gems/2.3.0/gems/railties-4.2.5.1/lib/rails/commands/commands_tasks.rb:80:in `block in server'
	/Users/parksangjun/.rbenv/versions/2.3.0/lib/ruby/gems/2.3.0/gems/railties-4.2.5.1/lib/rails/commands/commands_tasks.rb:75:in `tap'
	/Users/parksangjun/.rbenv/versions/2.3.0/lib/ruby/gems/2.3.0/gems/railties-4.2.5.1/lib/rails/commands/commands_tasks.rb:75:in `server'
	/Users/parksangjun/.rbenv/versions/2.3.0/lib/ruby/gems/2.3.0/gems/railties-4.2.5.1/lib/rails/commands/commands_tasks.rb:39:in `run_command!'
	/Users/parksangjun/.rbenv/versions/2.3.0/lib/ruby/gems/2.3.0/gems/railties-4.2.5.1/lib/rails/commands.rb:17:in `<top (required)>'
	/Users/parksangjun/Ucan_/Ucan_Diet/bin/rails:9:in `require'
	/Users/parksangjun/Ucan_/Ucan_Diet/bin/rails:9:in `<top (required)>'
	/Users/parksangjun/.rbenv/versions/2.3.0/lib/ruby/gems/2.3.0/gems/spring-1.7.1/lib/spring/client/rails.rb:28:in `load'
	/Users/parksangjun/.rbenv/versions/2.3.0/lib/ruby/gems/2.3.0/gems/spring-1.7.1/lib/spring/client/rails.rb:28:in `call'
	/Users/parksangjun/.rbenv/versions/2.3.0/lib/ruby/gems/2.3.0/gems/spring-1.7.1/lib/spring/client/command.rb:7:in `call'
	/Users/parksangjun/.rbenv/versions/2.3.0/lib/ruby/gems/2.3.0/gems/spring-1.7.1/lib/spring/client.rb:30:in `run'
	/Users/parksangjun/.rbenv/versions/2.3.0/lib/ruby/gems/2.3.0/gems/spring-1.7.1/bin/spring:49:in `<top (required)>'
	/Users/parksangjun/.rbenv/versions/2.3.0/lib/ruby/gems/2.3.0/gems/spring-1.7.1/lib/spring/binstub.rb:11:in `load'
	/Users/parksangjun/.rbenv/versions/2.3.0/lib/ruby/gems/2.3.0/gems/spring-1.7.1/lib/spring/binstub.rb:11:in `<top (required)>'
	/Users/parksangjun/.rbenv/versions/2.3.0/lib/ruby/2.3.0/rubygems/core_ext/kernel_require.rb:55:in `require'
	/Users/parksangjun/.rbenv/versions/2.3.0/lib/ruby/2.3.0/rubygems/core_ext/kernel_require.rb:55:in `require'
	/Users/parksangjun/Ucan_/Ucan_Diet/bin/spring:13:in `<top (required)>'
	bin/rails:3:in `load'
	bin/rails:3:in `<main>'
[2016-06-30 18:11:48] INFO  going to shutdown ...
[2016-06-30 18:11:48] INFO  WEBrick::HTTPServer#start done.
  [1m[35mSQL (0.2ms)[0m  INSERT INTO `diets` (`univ_id`, `name`, `location`, `date`, `time`, `diet`, `extra`) VALUES (1, 'ë§ˆì¸ë“œ í‘¸ë“œì½”íŠ¸', 'ë³µì§€ê´€ 3ì¸µ', '2016-06-30', 'breakfast', '{\"name\":\"(ë¶„ì‹)Â ë–¡ì§„ì§¬ë½•&ê³µê¸°ë°¥(3800ì›)                 ëˆê¹ŒìŠ¤ë¼ë©´&ê³µê¸°ë°¥(3500ì›)\",\"price\":\"3800\"}', '')
  [1m[36m (0.3ms)[0m  [1mCOMMIT[0m
  [1m[35m (0.1ms)[0m  BEGIN
  [1m[36mDiet Exists (0.3ms)[0m  [1mSELECT  1 AS one FROM `diets` WHERE (`diets`.`univ_id` = BINARY 1 AND `diets`.`name` = 'ë§ˆì¸ë“œ í‘¸ë“œì½”íŠ¸' AND `diets`.`date` = '2016-06-30' AND `diets`.`time` = 'breakfast' AND `diets`.`diet` = '{\"name\":\"(ë¶„ì‹)Â ê¹€ì¹˜ë§ì´êµ­ìˆ˜(3000ì›)                      ë¼ë©´(2000ì›) ê³µê¸°ë°¥(700ì›)\",\"price\":\"3000\"}') LIMIT 1[0m
  [1m[35mSQL (0.2ms)[0m  INSERT INTO `diets` (`univ_id`, `name`, `location`, `date`, `time`, `diet`, `extra`) VALUES (1, 'ë§ˆì¸ë“œ í‘¸ë“œì½”íŠ¸', 'ë³µì§€ê´€ 3ì¸µ', '2016-06-30', 'breakfast', '{\"name\":\"(ë¶„ì‹)Â ê¹€ì¹˜ë§ì´êµ­ìˆ˜(3000ì›)                      ë¼ë©´(2000ì›) ê³µê¸°ë°¥(700ì›)\",\"price\":\"3000\"}', '')
  [1m[36m (0.3ms)[0m  [1mCOMMIT[0m
  [1m[35m (0.1ms)[0m  BEGIN
  [1m[36mDiet Exists (0.3ms)[0m  [1mSELECT  1 AS one FROM `diets` WHERE (`diets`.`univ_id` = BINARY 1 AND `diets`.`name` = 'ë§ˆì¸ë“œ í‘¸ë“œì½”íŠ¸' AND `diets`.`date` = '2016-06-30' AND `diets`.`time` = 'breakfast' AND `diets`.`diet` = '{\"name\":\"(ë¶„ì‹)Â ì–´ë¬µí•´ì¥ë¼ë©´/ë–¡ë¼ë©´/ì¹˜ì¦ˆë¼ë©´\",\"price\":\"2500\"}') LIMIT 1[0m
  [1m[35mSQL (0.2ms)[0m  INSERT INTO `diets` (`univ_id`, `name`, `location`, `date`, `time`, `diet`, `extra`) VALUES (1, 'ë§ˆì¸ë“œ í‘¸ë“œì½”íŠ¸', 'ë³µì§€ê´€ 3ì¸µ', '2016-06-30', 'breakfast', '{\"name\":\"(ë¶„ì‹)Â ì–´ë¬µí•´ì¥ë¼ë©´/ë–¡ë¼ë©´/ì¹˜ì¦ˆë¼ë©´\",\"price\":\"2500\"}', '')
  [1m[36m (0.3ms)[0m  [1mCOMMIT[0m
  [1m[35m (0.1ms)[0m  BEGIN
  [1m[36mDiet Exists (0.3ms)[0m  [1mSELECT  1 AS one FROM `diets` WHERE (`diets`.`univ_id` = BINARY 1 AND `diets`.`name` = 'ë§ˆì¸ë“œ í‘¸ë“œì½”íŠ¸' AND `diets`.`date` = '2016-06-30' AND `diets`.`time` = 'breakfast' AND `diets`.`diet` = '{\"name\":\"(ë¶„ì‹)Â ì „ë³µì£½(5500ì›),ì†Œê³ ê¸°ì•¼ì±„ì£½,ë‹­ì£½,ë‹¨í˜¸ë°•ì£½,ê²Œì‚´ì£½,í‘œê³ ë²„ì„¯ì£½\",\"price\":\"4500\"}') LIMIT 1[0m
  [1m[35mSQL (0.2ms)[0m  INSERT INTO `diets` (`univ_id`, `name`, `location`, `date`, `time`, `diet`, `extra`) VALUES (1, 'ë§ˆì¸ë“œ í‘¸ë“œì½”íŠ¸', 'ë³µì§€ê´€ 3ì¸µ', '2016-06-30', 'breakfast', '{\"name\":\"(ë¶„ì‹)Â ì „ë³µì£½(5500ì›),ì†Œê³ ê¸°ì•¼ì±„ì£½,ë‹­ì£½,ë‹¨í˜¸ë°•ì£½,ê²Œì‚´ì£½,í‘œê³ ë²„ì„¯ì£½\",\"price\":\"4500\"}', '')
  [1m[36m (0.3ms)[0m  [1mCOMMIT[0m
  [1m[35m (0.1ms)[0m  BEGIN
  [1m[36mDiet Exists (0.3ms)[0m  [1mSELECT  1 AS one FROM `diets` WHERE (`diets`.`univ_id` = BINARY 1 AND `diets`.`name` = 'ë§ˆì¸ë“œ í‘¸ë“œì½”íŠ¸' AND `diets`.`date` = '2016-07-01' AND `diets`.`time` = 'breakfast' AND `diets`.`diet` = '{\"name\":\"(í•œì‹)Â ë¶€ëŒ€ì°Œê°œ&ë¼ë©´ì‚¬ë¦¬\",\"price\":\"3000\"}') LIMIT 1[0m
  [1m[35mSQL (0.2ms)[0m  INSERT INTO `diets` (`univ_id`, `name`, `location`, `date`, `time`, `diet`, `extra`) VALUES (1, 'ë§ˆì¸ë“œ í‘¸ë“œì½”íŠ¸', 'ë³µì§€ê´€ 3ì¸µ', '2016-07-01', 'breakfast', '{\"name\":\"(í•œì‹)Â ë¶€ëŒ€ì°Œê°œ&ë¼ë©´ì‚¬ë¦¬\",\"price\":\"3000\"}', '')
  [1m[36m (0.4ms)[0m  [1mCOMMIT[0m
This part is nil
This part is nil
  [1m[35m (0.1ms)[0m  BEGIN
  [1m[36mDiet Exists (0.3ms)[0m  [1mSELECT  1 AS one FROM `diets` WHERE (`diets`.`univ_id` = BINARY 1 AND `diets`.`name` = 'ë§ˆì¸ë“œ í‘¸ë“œì½”íŠ¸' AND `diets`.`date` = '2016-07-01' AND `diets`.`time` = 'breakfast' AND `diets`.`diet` = '{\"name\":\"(ì–‘ì‹)Â ìˆ˜ì œíŠ¹ì™•ë“±ì‹¬ëˆê¹ŒìŠ¤(4500ì›)            ìˆ˜ì œì¹˜ì¦ˆëˆê¹ŒìŠ¤(4000ì›)\",\"price\":\"4500\"}') LIMIT 1[0m
  [1m[35mSQL (0.2ms)[0m  INSERT INTO `diets` (`univ_id`, `name`, `location`, `date`, `time`, `diet`, `extra`) VALUES (1, 'ë§ˆì¸ë“œ í‘¸ë“œì½”íŠ¸', 'ë³µì§€ê´€ 3ì¸µ', '2016-07-01', 'breakfast', '{\"name\":\"(ì–‘ì‹)Â ìˆ˜ì œíŠ¹ì™•ë“±ì‹¬ëˆê¹ŒìŠ¤(4500ì›)            ìˆ˜ì œì¹˜ì¦ˆëˆê¹ŒìŠ¤(4000ì›)\",\"price\":\"4500\"}', '')
  [1m[36m (0.3ms)[0m  [1mCOMMIT[0m
  [1m[35m (0.1ms)[0m  BEGIN
  [1m[36mDiet Exists (0.3ms)[0m  [1mSELECT  1 AS one FROM `diets` WHERE (`diets`.`univ_id` = BINARY 1 AND `diets`.`name` = 'ë§ˆì¸ë“œ í‘¸ë“œì½”íŠ¸' AND `diets`.`date` = '2016-07-01' AND `diets`.`time` = 'breakfast' AND `diets`.`diet` = '{\"name\":\"(ì–‘ì‹)Â ìˆ˜ì œì°¸ì¹˜ë²„ê±°&ì¹˜ì¦ˆë¼ë©´(3,800ì›)      ìˆ˜ì œë“±ì‹¬ëˆê¹ŒìŠ¤(3500ì›)\",\"price\":\"3500\"}') LIMIT 1[0m
  [1m[35mSQL (0.2ms)[0m  INSERT INTO `diets` (`univ_id`, `name`, `location`, `date`, `time`, `diet`, `extra`) VALUES (1, 'ë§ˆì¸ë“œ í‘¸ë“œì½”íŠ¸', 'ë³µì§€ê´€ 3ì¸µ', '2016-07-01', 'breakfast', '{\"name\":\"(ì–‘ì‹)Â ìˆ˜ì œì°¸ì¹˜ë²„ê±°&ì¹˜ì¦ˆë¼ë©´(3,800ì›)      ìˆ˜ì œë“±ì‹¬ëˆê¹ŒìŠ¤(3500ì›)\",\"price\":\"3500\"}', '')
  [1m[36m (0.3ms)[0m  [1mCOMMIT[0m
  [1m[35m (0.1ms)[0m  BEGIN
  [1m[36mDiet Exists (0.4ms)[0m  [1mSELECT  1 AS one FROM `diets` WHERE (`diets`.`univ_id` = BINARY 1 AND `diets`.`name` = 'ë§ˆì¸ë“œ í‘¸ë“œì½”íŠ¸' AND `diets`.`date` = '2016-07-01' AND `diets`.`time` = 'breakfast' AND `diets`.`diet` = '{\"name\":\"(ë¶„ì‹)Â ë–¡ì§„ì§¬ë½•&ê³µê¸°ë°¥(3800ì›)                 ëˆê¹ŒìŠ¤ë¼ë©´&ê³µê¸°ë°¥(3500ì›)\",\"price\":\"3800\"}') LIMIT 1[0m
  [1m[35mSQL (0.5ms)[0m  INSERT INTO `diets` (`univ_id`, `name`, `location`, `date`, `time`, `diet`, `extra`) VALUES (1, 'ë§ˆì¸ë“œ í‘¸ë“œì½”íŠ¸', 'ë³µì§€ê´€ 3ì¸µ', '2016-07-01', 'breakfast', '{\"name\":\"(ë¶„ì‹)Â ë–¡ì§„ì§¬ë½•&ê³µê¸°ë°¥(3800ì›)                 ëˆê¹ŒìŠ¤ë¼ë©´&ê³µê¸°ë°¥(3500ì›)\",\"price\":\"3800\"}', '')
  [1m[36m (0.4ms)[0m  [1mCOMMIT[0m
  [1m[35m (0.1ms)[0m  BEGIN
  [1m[36mDiet Exists (0.3ms)[0m  [1mSELECT  1 AS one FROM `diets` WHERE (`diets`.`univ_id` = BINARY 1 AND `diets`.`name` = 'ë§ˆì¸ë“œ í‘¸ë“œì½”íŠ¸' AND `diets`.`date` = '2016-07-01' AND `diets`.`time` = 'breakfast' AND `diets`.`diet` = '{\"name\":\"(ë¶„ì‹)Â ê¹€ì¹˜ë§ì´êµ­ìˆ˜(3000ì›)                      ë¼ë©´(2000ì›) ê³µê¸°ë°¥(700ì›)\",\"price\":\"3000\"}') LIMIT 1[0m
  [1m[35mSQL (0.2ms)[0m  INSERT INTO `diets` (`univ_id`, `name`, `location`, `date`, `time`, `diet`, `extra`) VALUES (1, 'ë§ˆì¸ë“œ í‘¸ë“œì½”íŠ¸', 'ë³µì§€ê´€ 3ì¸µ', '2016-07-01', 'breakfast', '{\"name\":\"(ë¶„ì‹)Â ê¹€ì¹˜ë§ì´êµ­ìˆ˜(3000ì›)                      ë¼ë©´(2000ì›) ê³µê¸°ë°¥(700ì›)\",\"price\":\"3000\"}', '')
  [1m[36m (0.3ms)[0m  [1mCOMMIT[0m
  [1m[35m (0.1ms)[0m  BEGIN
  [1m[36mDiet Exists (0.4ms)[0m  [1mSELECT  1 AS one FROM `diets` WHERE (`diets`.`univ_id` = BINARY 1 AND `diets`.`name` = 'ë§ˆì¸ë“œ í‘¸ë“œì½”íŠ¸' AND `diets`.`date` = '2016-07-01' AND `diets`.`time` = 'breakfast' AND `diets`.`diet` = '{\"name\":\"(ë¶„ì‹)Â ì–´ë¬µí•´ì¥ë¼ë©´/ë–¡ë¼ë©´/ì¹˜ì¦ˆë¼ë©´\",\"price\":\"2500\"}') LIMIT 1[0m
  [1m[35mSQL (0.2ms)[0m  INSERT INTO `diets` (`univ_id`, `name`, `location`, `date`, `time`, `diet`, `extra`) VALUES (1, 'ë§ˆì¸ë“œ í‘¸ë“œì½”íŠ¸', 'ë³µì§€ê´€ 3ì¸µ', '2016-07-01', 'breakfast', '{\"name\":\"(ë¶„ì‹)Â ì–´ë¬µí•´ì¥ë¼ë©´/ë–¡ë¼ë©´/ì¹˜ì¦ˆë¼ë©´\",\"price\":\"2500\"}', '')
  [1m[36m (0.3ms)[0m  [1mCOMMIT[0m
  [1m[35m (0.1ms)[0m  BEGIN
  [1m[36mDiet Exists (0.3ms)[0m  [1mSELECT  1 AS one FROM `diets` WHERE (`diets`.`univ_id` = BINARY 1 AND `diets`.`name` = 'ë§ˆì¸ë“œ í‘¸ë“œì½”íŠ¸' AND `diets`.`date` = '2016-07-01' AND `diets`.`time` = 'breakfast' AND `diets`.`diet` = '{\"name\":\"(ë¶„ì‹)Â ì „ë³µì£½(5500ì›),ì†Œê³ ê¸°ì•¼ì±„ì£½,ë‹­ì£½,ë‹¨í˜¸ë°•ì£½,ê²Œì‚´ì£½,í‘œê³ ë²„ì„¯ì£½\",\"price\":\"4500\"}') LIMIT 1[0m
  [1m[35mSQL (0.2ms)[0m  INSERT INTO `diets` (`univ_id`, `name`, `location`, `date`, `time`, `diet`, `extra`) VALUES (1, 'ë§ˆì¸ë“œ í‘¸ë“œì½”íŠ¸', 'ë³µì§€ê´€ 3ì¸µ', '2016-07-01', 'breakfast', '{\"name\":\"(ë¶„ì‹)Â ì „ë³µì£½(5500ì›),ì†Œê³ ê¸°ì•¼ì±„ì£½,ë‹­ì£½,ë‹¨í˜¸ë°•ì£½,ê²Œì‚´ì£½,í‘œê³ ë²„ì„¯ì£½\",\"price\":\"4500\"}', '')
  [1m[36m (0.3ms)[0m  [1mCOMMIT[0m
  [1m[35mDiet Load (0.5ms)[0m  SELECT `diets`.* FROM `diets`
  Rendered diets/index.html.erb within layouts/application (10.1ms)
Completed 200 OK in 4729ms (Views: 209.4ms | ActiveRecord: 80.7ms)
Exiting
